{"/Users/priyanshussahu/Documents/wellness-deshbord-main-2/src/context/AppContext.jsx": {"path":"/Users/priyanshussahu/Documents/wellness-deshbord-main-2/src/context/AppContext.jsx","statementMap":{"0":{"start":{"line":7,"column":19},"end":{"line":7,"column":33}},"1":{"start":{"line":9,"column":13},"end":{"line":1900,"column":null}},"2":{"start":{"line":11,"column":26},"end":{"line":11,"column":null}},"3":{"start":{"line":12,"column":40},"end":{"line":12,"column":null}},"4":{"start":{"line":14,"column":36},"end":{"line":14,"column":null}},"5":{"start":{"line":15,"column":38},"end":{"line":15,"column":null}},"6":{"start":{"line":16,"column":40},"end":{"line":16,"column":null}},"7":{"start":{"line":17,"column":52},"end":{"line":17,"column":null}},"8":{"start":{"line":18,"column":44},"end":{"line":18,"column":null}},"9":{"start":{"line":19,"column":48},"end":{"line":19,"column":null}},"10":{"start":{"line":20,"column":34},"end":{"line":20,"column":null}},"11":{"start":{"line":21,"column":34},"end":{"line":21,"column":null}},"12":{"start":{"line":22,"column":50},"end":{"line":22,"column":null}},"13":{"start":{"line":23,"column":54},"end":{"line":23,"column":null}},"14":{"start":{"line":24,"column":36},"end":{"line":24,"column":null}},"15":{"start":{"line":25,"column":40},"end":{"line":25,"column":null}},"16":{"start":{"line":26,"column":56},"end":{"line":26,"column":null}},"17":{"start":{"line":27,"column":58},"end":{"line":27,"column":null}},"18":{"start":{"line":28,"column":46},"end":{"line":36,"column":null}},"19":{"start":{"line":38,"column":40},"end":{"line":38,"column":null}},"20":{"start":{"line":39,"column":40},"end":{"line":39,"column":null}},"21":{"start":{"line":41,"column":23},"end":{"line":41,"column":null}},"22":{"start":{"line":42,"column":22},"end":{"line":42,"column":null}},"23":{"start":{"line":44,"column":2},"end":{"line":46,"column":null}},"24":{"start":{"line":45,"column":4},"end":{"line":45,"column":null}},"25":{"start":{"line":48,"column":2},"end":{"line":50,"column":null}},"26":{"start":{"line":49,"column":4},"end":{"line":49,"column":null}},"27":{"start":{"line":54,"column":27},"end":{"line":257,"column":null}},"28":{"start":{"line":55,"column":4},"end":{"line":256,"column":null}},"29":{"start":{"line":56,"column":6},"end":{"line":56,"column":null}},"30":{"start":{"line":70,"column":10},"end":{"line":83,"column":null}},"31":{"start":{"line":71,"column":41},"end":{"line":71,"column":84}},"32":{"start":{"line":71,"column":84},"end":{"line":71,"column":95}},"33":{"start":{"line":72,"column":43},"end":{"line":72,"column":88}},"34":{"start":{"line":72,"column":88},"end":{"line":72,"column":99}},"35":{"start":{"line":73,"column":42},"end":{"line":73,"column":86}},"36":{"start":{"line":73,"column":86},"end":{"line":73,"column":97}},"37":{"start":{"line":74,"column":41},"end":{"line":74,"column":84}},"38":{"start":{"line":74,"column":84},"end":{"line":74,"column":95}},"39":{"start":{"line":75,"column":43},"end":{"line":75,"column":88}},"40":{"start":{"line":75,"column":88},"end":{"line":75,"column":99}},"41":{"start":{"line":76,"column":44},"end":{"line":76,"column":90}},"42":{"start":{"line":76,"column":90},"end":{"line":76,"column":101}},"43":{"start":{"line":77,"column":40},"end":{"line":77,"column":82}},"44":{"start":{"line":77,"column":82},"end":{"line":77,"column":93}},"45":{"start":{"line":78,"column":40},"end":{"line":78,"column":82}},"46":{"start":{"line":78,"column":82},"end":{"line":78,"column":93}},"47":{"start":{"line":79,"column":50},"end":{"line":79,"column":102}},"48":{"start":{"line":79,"column":102},"end":{"line":79,"column":113}},"49":{"start":{"line":80,"column":40},"end":{"line":80,"column":82}},"50":{"start":{"line":80,"column":82},"end":{"line":80,"column":93}},"51":{"start":{"line":81,"column":47},"end":{"line":81,"column":96}},"52":{"start":{"line":81,"column":96},"end":{"line":81,"column":107}},"53":{"start":{"line":82,"column":49},"end":{"line":82,"column":100}},"54":{"start":{"line":82,"column":100},"end":{"line":82,"column":111}},"55":{"start":{"line":85,"column":6},"end":{"line":104,"column":null}},"56":{"start":{"line":86,"column":32},"end":{"line":102,"column":null}},"57":{"start":{"line":86,"column":49},"end":{"line":102,"column":10}},"58":{"start":{"line":103,"column":8},"end":{"line":103,"column":null}},"59":{"start":{"line":106,"column":6},"end":{"line":122,"column":null}},"60":{"start":{"line":107,"column":31},"end":{"line":120,"column":null}},"61":{"start":{"line":107,"column":47},"end":{"line":120,"column":10}},"62":{"start":{"line":121,"column":8},"end":{"line":121,"column":null}},"63":{"start":{"line":125,"column":6},"end":{"line":140,"column":null}},"64":{"start":{"line":126,"column":34},"end":{"line":138,"column":null}},"65":{"start":{"line":126,"column":51},"end":{"line":138,"column":10}},"66":{"start":{"line":139,"column":8},"end":{"line":139,"column":null}},"67":{"start":{"line":142,"column":6},"end":{"line":153,"column":null}},"68":{"start":{"line":143,"column":33},"end":{"line":151,"column":null}},"69":{"start":{"line":143,"column":49},"end":{"line":151,"column":10}},"70":{"start":{"line":152,"column":8},"end":{"line":152,"column":null}},"71":{"start":{"line":155,"column":6},"end":{"line":163,"column":null}},"72":{"start":{"line":156,"column":23},"end":{"line":161,"column":null}},"73":{"start":{"line":157,"column":23},"end":{"line":159,"column":null}},"74":{"start":{"line":158,"column":32},"end":{"line":158,"column":51}},"75":{"start":{"line":159,"column":33},"end":{"line":159,"column":52}},"76":{"start":{"line":160,"column":10},"end":{"line":160,"column":null}},"77":{"start":{"line":162,"column":8},"end":{"line":162,"column":null}},"78":{"start":{"line":165,"column":6},"end":{"line":167,"column":null}},"79":{"start":{"line":166,"column":8},"end":{"line":166,"column":null}},"80":{"start":{"line":169,"column":6},"end":{"line":184,"column":null}},"81":{"start":{"line":170,"column":30},"end":{"line":182,"column":null}},"82":{"start":{"line":170,"column":51},"end":{"line":182,"column":10}},"83":{"start":{"line":183,"column":8},"end":{"line":183,"column":null}},"84":{"start":{"line":187,"column":6},"end":{"line":189,"column":null}},"85":{"start":{"line":188,"column":8},"end":{"line":188,"column":null}},"86":{"start":{"line":191,"column":6},"end":{"line":205,"column":null}},"87":{"start":{"line":192,"column":30},"end":{"line":203,"column":null}},"88":{"start":{"line":192,"column":50},"end":{"line":203,"column":10}},"89":{"start":{"line":204,"column":8},"end":{"line":204,"column":null}},"90":{"start":{"line":207,"column":6},"end":{"line":216,"column":null}},"91":{"start":{"line":208,"column":31},"end":{"line":208,"column":null}},"92":{"start":{"line":209,"column":8},"end":{"line":214,"column":null}},"93":{"start":{"line":210,"column":20},"end":{"line":210,"column":null}},"94":{"start":{"line":211,"column":10},"end":{"line":212,"column":null}},"95":{"start":{"line":211,"column":30},"end":{"line":211,"column":null}},"96":{"start":{"line":212,"column":15},"end":{"line":212,"column":null}},"97":{"start":{"line":212,"column":36},"end":{"line":212,"column":null}},"98":{"start":{"line":213,"column":10},"end":{"line":213,"column":null}},"99":{"start":{"line":215,"column":8},"end":{"line":215,"column":null}},"100":{"start":{"line":215,"column":35},"end":{"line":215,"column":66}},"101":{"start":{"line":218,"column":6},"end":{"line":231,"column":null}},"102":{"start":{"line":219,"column":31},"end":{"line":229,"column":null}},"103":{"start":{"line":219,"column":47},"end":{"line":229,"column":10}},"104":{"start":{"line":230,"column":8},"end":{"line":230,"column":null}},"105":{"start":{"line":233,"column":6},"end":{"line":249,"column":null}},"106":{"start":{"line":234,"column":31},"end":{"line":247,"column":null}},"107":{"start":{"line":235,"column":22},"end":{"line":235,"column":null}},"108":{"start":{"line":235,"column":39},"end":{"line":235,"column":60}},"109":{"start":{"line":236,"column":10},"end":{"line":246,"column":null}},"110":{"start":{"line":248,"column":8},"end":{"line":248,"column":null}},"111":{"start":{"line":253,"column":6},"end":{"line":253,"column":null}},"112":{"start":{"line":255,"column":6},"end":{"line":255,"column":null}},"113":{"start":{"line":259,"column":2},"end":{"line":261,"column":null}},"114":{"start":{"line":260,"column":4},"end":{"line":260,"column":null}},"115":{"start":{"line":264,"column":30},"end":{"line":303,"column":null}},"116":{"start":{"line":265,"column":4},"end":{"line":296,"column":null}},"117":{"start":{"line":266,"column":29},"end":{"line":266,"column":null}},"118":{"start":{"line":267,"column":21},"end":{"line":267,"column":null}},"119":{"start":{"line":269,"column":32},"end":{"line":269,"column":null}},"120":{"start":{"line":270,"column":6},"end":{"line":293,"column":null}},"121":{"start":{"line":271,"column":44},"end":{"line":278,"column":null}},"122":{"start":{"line":279,"column":8},"end":{"line":287,"column":null}},"123":{"start":{"line":280,"column":10},"end":{"line":280,"column":null}},"124":{"start":{"line":282,"column":10},"end":{"line":282,"column":null}},"125":{"start":{"line":283,"column":10},"end":{"line":286,"column":null}},"126":{"start":{"line":289,"column":8},"end":{"line":292,"column":null}},"127":{"start":{"line":295,"column":6},"end":{"line":295,"column":null}},"128":{"start":{"line":297,"column":4},"end":{"line":302,"column":null}},"129":{"start":{"line":306,"column":2},"end":{"line":332,"column":null}},"130":{"start":{"line":307,"column":4},"end":{"line":316,"column":null}},"131":{"start":{"line":308,"column":6},"end":{"line":308,"column":null}},"132":{"start":{"line":309,"column":6},"end":{"line":314,"column":null}},"133":{"start":{"line":310,"column":24},"end":{"line":310,"column":null}},"134":{"start":{"line":311,"column":8},"end":{"line":311,"column":null}},"135":{"start":{"line":313,"column":8},"end":{"line":313,"column":null}},"136":{"start":{"line":315,"column":6},"end":{"line":315,"column":null}},"137":{"start":{"line":318,"column":39},"end":{"line":327,"column":null}},"138":{"start":{"line":319,"column":6},"end":{"line":319,"column":null}},"139":{"start":{"line":320,"column":6},"end":{"line":325,"column":null}},"140":{"start":{"line":321,"column":24},"end":{"line":321,"column":null}},"141":{"start":{"line":322,"column":8},"end":{"line":322,"column":null}},"142":{"start":{"line":324,"column":8},"end":{"line":324,"column":null}},"143":{"start":{"line":326,"column":6},"end":{"line":326,"column":null}},"144":{"start":{"line":329,"column":4},"end":{"line":331,"column":null}},"145":{"start":{"line":330,"column":6},"end":{"line":330,"column":null}},"146":{"start":{"line":335,"column":2},"end":{"line":508,"column":null}},"147":{"start":{"line":336,"column":20},"end":{"line":503,"column":null}},"148":{"start":{"line":339,"column":8},"end":{"line":363,"column":null}},"149":{"start":{"line":340,"column":25},"end":{"line":340,"column":null}},"150":{"start":{"line":341,"column":10},"end":{"line":360,"column":null}},"151":{"start":{"line":342,"column":36},"end":{"line":358,"column":null}},"152":{"start":{"line":342,"column":53},"end":{"line":358,"column":14}},"153":{"start":{"line":359,"column":12},"end":{"line":359,"column":null}},"154":{"start":{"line":362,"column":10},"end":{"line":362,"column":null}},"155":{"start":{"line":366,"column":8},"end":{"line":387,"column":null}},"156":{"start":{"line":367,"column":24},"end":{"line":367,"column":null}},"157":{"start":{"line":368,"column":10},"end":{"line":384,"column":null}},"158":{"start":{"line":369,"column":35},"end":{"line":382,"column":null}},"159":{"start":{"line":369,"column":51},"end":{"line":382,"column":14}},"160":{"start":{"line":383,"column":12},"end":{"line":383,"column":null}},"161":{"start":{"line":386,"column":10},"end":{"line":386,"column":null}},"162":{"start":{"line":390,"column":8},"end":{"line":406,"column":null}},"163":{"start":{"line":391,"column":24},"end":{"line":391,"column":null}},"164":{"start":{"line":392,"column":10},"end":{"line":403,"column":null}},"165":{"start":{"line":393,"column":37},"end":{"line":401,"column":null}},"166":{"start":{"line":393,"column":53},"end":{"line":401,"column":14}},"167":{"start":{"line":402,"column":12},"end":{"line":402,"column":null}},"168":{"start":{"line":405,"column":10},"end":{"line":405,"column":null}},"169":{"start":{"line":409,"column":8},"end":{"line":421,"column":null}},"170":{"start":{"line":410,"column":24},"end":{"line":410,"column":null}},"171":{"start":{"line":411,"column":10},"end":{"line":418,"column":null}},"172":{"start":{"line":412,"column":12},"end":{"line":417,"column":null}},"173":{"start":{"line":413,"column":27},"end":{"line":415,"column":null}},"174":{"start":{"line":414,"column":49},"end":{"line":414,"column":68}},"175":{"start":{"line":415,"column":50},"end":{"line":415,"column":69}},"176":{"start":{"line":416,"column":14},"end":{"line":416,"column":null}},"177":{"start":{"line":420,"column":10},"end":{"line":420,"column":null}},"178":{"start":{"line":424,"column":8},"end":{"line":444,"column":null}},"179":{"start":{"line":425,"column":25},"end":{"line":425,"column":null}},"180":{"start":{"line":426,"column":10},"end":{"line":441,"column":null}},"181":{"start":{"line":427,"column":38},"end":{"line":439,"column":null}},"182":{"start":{"line":427,"column":55},"end":{"line":439,"column":14}},"183":{"start":{"line":440,"column":12},"end":{"line":440,"column":null}},"184":{"start":{"line":443,"column":10},"end":{"line":443,"column":null}},"185":{"start":{"line":447,"column":8},"end":{"line":469,"column":null}},"186":{"start":{"line":448,"column":23},"end":{"line":448,"column":null}},"187":{"start":{"line":449,"column":10},"end":{"line":466,"column":null}},"188":{"start":{"line":450,"column":26},"end":{"line":450,"column":null}},"189":{"start":{"line":451,"column":35},"end":{"line":464,"column":null}},"190":{"start":{"line":452,"column":26},"end":{"line":452,"column":null}},"191":{"start":{"line":452,"column":43},"end":{"line":452,"column":64}},"192":{"start":{"line":453,"column":14},"end":{"line":463,"column":null}},"193":{"start":{"line":465,"column":12},"end":{"line":465,"column":null}},"194":{"start":{"line":468,"column":10},"end":{"line":468,"column":null}},"195":{"start":{"line":472,"column":8},"end":{"line":477,"column":null}},"196":{"start":{"line":473,"column":24},"end":{"line":473,"column":null}},"197":{"start":{"line":474,"column":10},"end":{"line":474,"column":null}},"198":{"start":{"line":476,"column":10},"end":{"line":476,"column":null}},"199":{"start":{"line":480,"column":8},"end":{"line":501,"column":null}},"200":{"start":{"line":481,"column":24},"end":{"line":481,"column":null}},"201":{"start":{"line":482,"column":10},"end":{"line":482,"column":null}},"202":{"start":{"line":483,"column":28},"end":{"line":483,"column":null}},"203":{"start":{"line":484,"column":10},"end":{"line":498,"column":null}},"204":{"start":{"line":485,"column":34},"end":{"line":496,"column":null}},"205":{"start":{"line":485,"column":54},"end":{"line":496,"column":14}},"206":{"start":{"line":497,"column":12},"end":{"line":497,"column":null}},"207":{"start":{"line":500,"column":10},"end":{"line":500,"column":null}},"208":{"start":{"line":505,"column":4},"end":{"line":507,"column":null}},"209":{"start":{"line":506,"column":6},"end":{"line":506,"column":null}},"210":{"start":{"line":511,"column":8},"end":{"line":573,"column":null}},"211":{"start":{"line":512,"column":20},"end":{"line":512,"column":37}},"212":{"start":{"line":513,"column":20},"end":{"line":513,"column":37}},"213":{"start":{"line":514,"column":18},"end":{"line":523,"column":null}},"214":{"start":{"line":524,"column":4},"end":{"line":534,"column":null}},"215":{"start":{"line":525,"column":6},"end":{"line":531,"column":null}},"216":{"start":{"line":533,"column":6},"end":{"line":533,"column":null}},"217":{"start":{"line":535,"column":4},"end":{"line":535,"column":null}},"218":{"start":{"line":535,"column":34},"end":{"line":535,"column":50}},"219":{"start":{"line":538,"column":4},"end":{"line":551,"column":null}},"220":{"start":{"line":539,"column":23},"end":{"line":539,"column":null}},"221":{"start":{"line":540,"column":6},"end":{"line":550,"column":null}},"222":{"start":{"line":540,"column":27},"end":{"line":550,"column":17}},"223":{"start":{"line":554,"column":4},"end":{"line":570,"column":null}},"224":{"start":{"line":555,"column":6},"end":{"line":569,"column":null}},"225":{"start":{"line":555,"column":29},"end":{"line":569,"column":17}},"226":{"start":{"line":572,"column":4},"end":{"line":572,"column":null}},"227":{"start":{"line":575,"column":8},"end":{"line":577,"column":null}},"228":{"start":{"line":576,"column":4},"end":{"line":576,"column":null}},"229":{"start":{"line":576,"column":42},"end":{"line":576,"column":69}},"230":{"start":{"line":580,"column":8},"end":{"line":595,"column":null}},"231":{"start":{"line":581,"column":18},"end":{"line":592,"column":null}},"232":{"start":{"line":593,"column":4},"end":{"line":593,"column":null}},"233":{"start":{"line":593,"column":35},"end":{"line":593,"column":51}},"234":{"start":{"line":594,"column":4},"end":{"line":594,"column":null}},"235":{"start":{"line":598,"column":8},"end":{"line":609,"column":null}},"236":{"start":{"line":599,"column":18},"end":{"line":606,"column":null}},"237":{"start":{"line":607,"column":4},"end":{"line":607,"column":null}},"238":{"start":{"line":607,"column":36},"end":{"line":607,"column":52}},"239":{"start":{"line":608,"column":4},"end":{"line":608,"column":null}},"240":{"start":{"line":612,"column":25},"end":{"line":618,"column":null}},"241":{"start":{"line":621,"column":22},"end":{"line":656,"column":null}},"242":{"start":{"line":622,"column":20},"end":{"line":622,"column":37}},"243":{"start":{"line":623,"column":20},"end":{"line":623,"column":37}},"244":{"start":{"line":626,"column":25},"end":{"line":626,"column":null}},"245":{"start":{"line":628,"column":4},"end":{"line":628,"column":null}},"246":{"start":{"line":629,"column":4},"end":{"line":655,"column":null}},"247":{"start":{"line":630,"column":23},"end":{"line":639,"column":null}},"248":{"start":{"line":642,"column":20},"end":{"line":642,"column":null}},"249":{"start":{"line":643,"column":21},"end":{"line":648,"column":null}},"250":{"start":{"line":644,"column":21},"end":{"line":646,"column":null}},"251":{"start":{"line":645,"column":32},"end":{"line":645,"column":51}},"252":{"start":{"line":646,"column":33},"end":{"line":646,"column":52}},"253":{"start":{"line":647,"column":8},"end":{"line":647,"column":null}},"254":{"start":{"line":649,"column":6},"end":{"line":649,"column":null}},"255":{"start":{"line":651,"column":6},"end":{"line":651,"column":null}},"256":{"start":{"line":653,"column":6},"end":{"line":653,"column":null}},"257":{"start":{"line":654,"column":6},"end":{"line":654,"column":null}},"258":{"start":{"line":658,"column":29},"end":{"line":691,"column":null}},"259":{"start":{"line":659,"column":24},"end":{"line":665,"column":null}},"260":{"start":{"line":667,"column":4},"end":{"line":690,"column":null}},"261":{"start":{"line":668,"column":24},"end":{"line":668,"column":null}},"262":{"start":{"line":668,"column":47},"end":{"line":668,"column":64}},"263":{"start":{"line":669,"column":25},"end":{"line":669,"column":null}},"264":{"start":{"line":671,"column":6},"end":{"line":677,"column":null}},"265":{"start":{"line":679,"column":6},"end":{"line":686,"column":null}},"266":{"start":{"line":683,"column":86},"end":{"line":683,"column":103}},"267":{"start":{"line":688,"column":6},"end":{"line":688,"column":null}},"268":{"start":{"line":689,"column":6},"end":{"line":689,"column":null}},"269":{"start":{"line":693,"column":8},"end":{"line":705,"column":null}},"270":{"start":{"line":695,"column":26},"end":{"line":697,"column":null}},"271":{"start":{"line":696,"column":19},"end":{"line":696,"column":69}},"272":{"start":{"line":697,"column":26},"end":{"line":697,"column":59}},"273":{"start":{"line":699,"column":4},"end":{"line":701,"column":null}},"274":{"start":{"line":699,"column":49},"end":{"line":699,"column":74}},"275":{"start":{"line":700,"column":6},"end":{"line":700,"column":null}},"276":{"start":{"line":702,"column":4},"end":{"line":704,"column":null}},"277":{"start":{"line":703,"column":19},"end":{"line":703,"column":68}},"278":{"start":{"line":704,"column":26},"end":{"line":704,"column":59}},"279":{"start":{"line":707,"column":8},"end":{"line":718,"column":null}},"280":{"start":{"line":708,"column":21},"end":{"line":708,"column":null}},"281":{"start":{"line":709,"column":22},"end":{"line":709,"column":null}},"282":{"start":{"line":710,"column":22},"end":{"line":710,"column":null}},"283":{"start":{"line":711,"column":22},"end":{"line":711,"column":null}},"284":{"start":{"line":713,"column":28},"end":{"line":715,"column":null}},"285":{"start":{"line":714,"column":19},"end":{"line":714,"column":80}},"286":{"start":{"line":715,"column":22},"end":{"line":715,"column":57}},"287":{"start":{"line":716,"column":26},"end":{"line":716,"column":null}},"288":{"start":{"line":717,"column":4},"end":{"line":717,"column":null}},"289":{"start":{"line":721,"column":8},"end":{"line":753,"column":null}},"290":{"start":{"line":722,"column":20},"end":{"line":722,"column":37}},"291":{"start":{"line":723,"column":20},"end":{"line":723,"column":37}},"292":{"start":{"line":724,"column":16},"end":{"line":734,"column":null}},"293":{"start":{"line":735,"column":4},"end":{"line":750,"column":null}},"294":{"start":{"line":736,"column":6},"end":{"line":747,"column":null}},"295":{"start":{"line":749,"column":6},"end":{"line":749,"column":null}},"296":{"start":{"line":751,"column":4},"end":{"line":751,"column":null}},"297":{"start":{"line":751,"column":27},"end":{"line":751,"column":41}},"298":{"start":{"line":752,"column":4},"end":{"line":752,"column":null}},"299":{"start":{"line":756,"column":22},"end":{"line":756,"column":null}},"300":{"start":{"line":757,"column":22},"end":{"line":757,"column":null}},"301":{"start":{"line":758,"column":26},"end":{"line":758,"column":null}},"302":{"start":{"line":759,"column":18},"end":{"line":759,"column":null}},"303":{"start":{"line":761,"column":16},"end":{"line":815,"column":null}},"304":{"start":{"line":762,"column":4},"end":{"line":762,"column":null}},"305":{"start":{"line":763,"column":4},"end":{"line":814,"column":null}},"306":{"start":{"line":764,"column":30},"end":{"line":764,"column":null}},"307":{"start":{"line":765,"column":6},"end":{"line":765,"column":null}},"308":{"start":{"line":765,"column":17},"end":{"line":765,"column":null}},"309":{"start":{"line":767,"column":24},"end":{"line":767,"column":null}},"310":{"start":{"line":768,"column":6},"end":{"line":788,"column":null}},"311":{"start":{"line":769,"column":31},"end":{"line":769,"column":null}},"312":{"start":{"line":770,"column":8},"end":{"line":773,"column":null}},"313":{"start":{"line":771,"column":10},"end":{"line":771,"column":null}},"314":{"start":{"line":772,"column":10},"end":{"line":772,"column":null}},"315":{"start":{"line":774,"column":8},"end":{"line":779,"column":null}},"316":{"start":{"line":775,"column":10},"end":{"line":778,"column":null}},"317":{"start":{"line":782,"column":8},"end":{"line":787,"column":null}},"318":{"start":{"line":790,"column":6},"end":{"line":790,"column":null}},"319":{"start":{"line":793,"column":6},"end":{"line":800,"column":null}},"320":{"start":{"line":802,"column":6},"end":{"line":802,"column":null}},"321":{"start":{"line":804,"column":6},"end":{"line":809,"column":null}},"322":{"start":{"line":811,"column":6},"end":{"line":811,"column":null}},"323":{"start":{"line":813,"column":6},"end":{"line":813,"column":null}},"324":{"start":{"line":817,"column":17},"end":{"line":896,"column":null}},"325":{"start":{"line":818,"column":4},"end":{"line":818,"column":null}},"326":{"start":{"line":819,"column":4},"end":{"line":895,"column":null}},"327":{"start":{"line":821,"column":30},"end":{"line":829,"column":null}},"328":{"start":{"line":830,"column":6},"end":{"line":830,"column":null}},"329":{"start":{"line":830,"column":17},"end":{"line":830,"column":null}},"330":{"start":{"line":831,"column":6},"end":{"line":831,"column":null}},"331":{"start":{"line":831,"column":22},"end":{"line":831,"column":null}},"332":{"start":{"line":834,"column":29},"end":{"line":834,"column":null}},"333":{"start":{"line":835,"column":21},"end":{"line":835,"column":null}},"334":{"start":{"line":838,"column":23},"end":{"line":838,"column":null}},"335":{"start":{"line":839,"column":54},"end":{"line":858,"column":null}},"336":{"start":{"line":860,"column":6},"end":{"line":860,"column":null}},"337":{"start":{"line":860,"column":22},"end":{"line":860,"column":null}},"338":{"start":{"line":863,"column":6},"end":{"line":881,"column":null}},"339":{"start":{"line":864,"column":37},"end":{"line":879,"column":null}},"340":{"start":{"line":880,"column":8},"end":{"line":880,"column":null}},"341":{"start":{"line":880,"column":23},"end":{"line":880,"column":null}},"342":{"start":{"line":883,"column":28},"end":{"line":886,"column":null}},"343":{"start":{"line":888,"column":6},"end":{"line":888,"column":null}},"344":{"start":{"line":889,"column":6},"end":{"line":889,"column":null}},"345":{"start":{"line":891,"column":6},"end":{"line":891,"column":null}},"346":{"start":{"line":892,"column":6},"end":{"line":892,"column":null}},"347":{"start":{"line":894,"column":6},"end":{"line":894,"column":null}},"348":{"start":{"line":898,"column":17},"end":{"line":909,"column":null}},"349":{"start":{"line":899,"column":4},"end":{"line":899,"column":null}},"350":{"start":{"line":900,"column":4},"end":{"line":908,"column":null}},"351":{"start":{"line":901,"column":6},"end":{"line":901,"column":null}},"352":{"start":{"line":902,"column":6},"end":{"line":902,"column":null}},"353":{"start":{"line":903,"column":6},"end":{"line":903,"column":null}},"354":{"start":{"line":905,"column":6},"end":{"line":905,"column":null}},"355":{"start":{"line":907,"column":6},"end":{"line":907,"column":null}},"356":{"start":{"line":911,"column":24},"end":{"line":915,"column":null}},"357":{"start":{"line":912,"column":4},"end":{"line":914,"column":null}},"358":{"start":{"line":917,"column":25},"end":{"line":919,"column":null}},"359":{"start":{"line":918,"column":4},"end":{"line":918,"column":null}},"360":{"start":{"line":922,"column":22},"end":{"line":966,"column":null}},"361":{"start":{"line":923,"column":4},"end":{"line":965,"column":null}},"362":{"start":{"line":924,"column":29},"end":{"line":924,"column":null}},"363":{"start":{"line":925,"column":21},"end":{"line":925,"column":null}},"364":{"start":{"line":927,"column":22},"end":{"line":939,"column":null}},"365":{"start":{"line":941,"column":6},"end":{"line":961,"column":null}},"366":{"start":{"line":942,"column":23},"end":{"line":958,"column":null}},"367":{"start":{"line":959,"column":8},"end":{"line":959,"column":null}},"368":{"start":{"line":959,"column":29},"end":{"line":959,"column":46}},"369":{"start":{"line":960,"column":8},"end":{"line":960,"column":null}},"370":{"start":{"line":963,"column":6},"end":{"line":963,"column":null}},"371":{"start":{"line":964,"column":6},"end":{"line":964,"column":null}},"372":{"start":{"line":968,"column":25},"end":{"line":1008,"column":null}},"373":{"start":{"line":969,"column":13},"end":{"line":969,"column":null}},"374":{"start":{"line":970,"column":4},"end":{"line":1007,"column":null}},"375":{"start":{"line":971,"column":22},"end":{"line":981,"column":null}},"376":{"start":{"line":982,"column":6},"end":{"line":1003,"column":null}},"377":{"start":{"line":983,"column":25},"end":{"line":983,"column":null}},"378":{"start":{"line":983,"column":45},"end":{"line":983,"column":56}},"379":{"start":{"line":984,"column":23},"end":{"line":1000,"column":null}},"380":{"start":{"line":1001,"column":8},"end":{"line":1001,"column":null}},"381":{"start":{"line":1001,"column":29},"end":{"line":1001,"column":68}},"382":{"start":{"line":1001,"column":43},"end":{"line":1001,"column":67}},"383":{"start":{"line":1002,"column":8},"end":{"line":1002,"column":null}},"384":{"start":{"line":1005,"column":6},"end":{"line":1005,"column":null}},"385":{"start":{"line":1006,"column":6},"end":{"line":1006,"column":null}},"386":{"start":{"line":1010,"column":25},"end":{"line":1019,"column":null}},"387":{"start":{"line":1011,"column":4},"end":{"line":1018,"column":null}},"388":{"start":{"line":1012,"column":6},"end":{"line":1012,"column":null}},"389":{"start":{"line":1013,"column":6},"end":{"line":1013,"column":null}},"390":{"start":{"line":1013,"column":27},"end":{"line":1013,"column":64}},"391":{"start":{"line":1013,"column":44},"end":{"line":1013,"column":63}},"392":{"start":{"line":1014,"column":6},"end":{"line":1014,"column":null}},"393":{"start":{"line":1016,"column":6},"end":{"line":1016,"column":null}},"394":{"start":{"line":1017,"column":6},"end":{"line":1017,"column":null}},"395":{"start":{"line":1022,"column":21},"end":{"line":1071,"column":null}},"396":{"start":{"line":1023,"column":4},"end":{"line":1070,"column":null}},"397":{"start":{"line":1024,"column":29},"end":{"line":1024,"column":null}},"398":{"start":{"line":1025,"column":21},"end":{"line":1025,"column":null}},"399":{"start":{"line":1027,"column":22},"end":{"line":1037,"column":null}},"400":{"start":{"line":1039,"column":6},"end":{"line":1066,"column":null}},"401":{"start":{"line":1040,"column":23},"end":{"line":1053,"column":null}},"402":{"start":{"line":1054,"column":8},"end":{"line":1054,"column":null}},"403":{"start":{"line":1054,"column":28},"end":{"line":1054,"column":45}},"404":{"start":{"line":1056,"column":8},"end":{"line":1063,"column":null}},"405":{"start":{"line":1065,"column":8},"end":{"line":1065,"column":null}},"406":{"start":{"line":1068,"column":6},"end":{"line":1068,"column":null}},"407":{"start":{"line":1069,"column":6},"end":{"line":1069,"column":null}},"408":{"start":{"line":1073,"column":24},"end":{"line":1118,"column":null}},"409":{"start":{"line":1074,"column":4},"end":{"line":1117,"column":null}},"410":{"start":{"line":1075,"column":22},"end":{"line":1083,"column":null}},"411":{"start":{"line":1085,"column":6},"end":{"line":1113,"column":null}},"412":{"start":{"line":1086,"column":25},"end":{"line":1086,"column":null}},"413":{"start":{"line":1086,"column":44},"end":{"line":1086,"column":55}},"414":{"start":{"line":1087,"column":23},"end":{"line":1100,"column":null}},"415":{"start":{"line":1101,"column":8},"end":{"line":1101,"column":null}},"416":{"start":{"line":1101,"column":28},"end":{"line":1101,"column":67}},"417":{"start":{"line":1101,"column":42},"end":{"line":1101,"column":66}},"418":{"start":{"line":1103,"column":8},"end":{"line":1110,"column":null}},"419":{"start":{"line":1112,"column":8},"end":{"line":1112,"column":null}},"420":{"start":{"line":1115,"column":6},"end":{"line":1115,"column":null}},"421":{"start":{"line":1116,"column":6},"end":{"line":1116,"column":null}},"422":{"start":{"line":1120,"column":24},"end":{"line":1129,"column":null}},"423":{"start":{"line":1121,"column":4},"end":{"line":1128,"column":null}},"424":{"start":{"line":1122,"column":6},"end":{"line":1122,"column":null}},"425":{"start":{"line":1123,"column":6},"end":{"line":1123,"column":null}},"426":{"start":{"line":1123,"column":26},"end":{"line":1123,"column":55}},"427":{"start":{"line":1123,"column":43},"end":{"line":1123,"column":54}},"428":{"start":{"line":1124,"column":6},"end":{"line":1124,"column":null}},"429":{"start":{"line":1126,"column":6},"end":{"line":1126,"column":null}},"430":{"start":{"line":1127,"column":6},"end":{"line":1127,"column":null}},"431":{"start":{"line":1131,"column":28},"end":{"line":1157,"column":null}},"432":{"start":{"line":1132,"column":4},"end":{"line":1156,"column":null}},"433":{"start":{"line":1133,"column":23},"end":{"line":1133,"column":null}},"434":{"start":{"line":1134,"column":6},"end":{"line":1152,"column":null}},"435":{"start":{"line":1135,"column":25},"end":{"line":1135,"column":null}},"436":{"start":{"line":1135,"column":44},"end":{"line":1135,"column":55}},"437":{"start":{"line":1136,"column":23},"end":{"line":1149,"column":null}},"438":{"start":{"line":1150,"column":8},"end":{"line":1150,"column":null}},"439":{"start":{"line":1150,"column":28},"end":{"line":1150,"column":67}},"440":{"start":{"line":1150,"column":42},"end":{"line":1150,"column":66}},"441":{"start":{"line":1151,"column":8},"end":{"line":1151,"column":null}},"442":{"start":{"line":1154,"column":6},"end":{"line":1154,"column":null}},"443":{"start":{"line":1155,"column":6},"end":{"line":1155,"column":null}},"444":{"start":{"line":1160,"column":2},"end":{"line":1206,"column":null}},"445":{"start":{"line":1161,"column":4},"end":{"line":1161,"column":null}},"446":{"start":{"line":1161,"column":44},"end":{"line":1161,"column":null}},"447":{"start":{"line":1162,"column":18},"end":{"line":1162,"column":35}},"448":{"start":{"line":1165,"column":25},"end":{"line":1165,"column":null}},"449":{"start":{"line":1165,"column":46},"end":{"line":1165,"column":87}},"450":{"start":{"line":1167,"column":4},"end":{"line":1205,"column":null}},"451":{"start":{"line":1169,"column":6},"end":{"line":1187,"column":null}},"452":{"start":{"line":1170,"column":28},"end":{"line":1170,"column":null}},"453":{"start":{"line":1171,"column":8},"end":{"line":1185,"column":null}},"454":{"start":{"line":1172,"column":25},"end":{"line":1172,"column":null}},"455":{"start":{"line":1172,"column":47},"end":{"line":1172,"column":93}},"456":{"start":{"line":1173,"column":10},"end":{"line":1184,"column":null}},"457":{"start":{"line":1174,"column":12},"end":{"line":1183,"column":null}},"458":{"start":{"line":1186,"column":8},"end":{"line":1186,"column":null}},"459":{"start":{"line":1190,"column":6},"end":{"line":1204,"column":null}},"460":{"start":{"line":1190,"column":26},"end":{"line":1204,"column":8}},"461":{"start":{"line":1191,"column":8},"end":{"line":1202,"column":null}},"462":{"start":{"line":1193,"column":10},"end":{"line":1200,"column":null}},"463":{"start":{"line":1201,"column":10},"end":{"line":1201,"column":null}},"464":{"start":{"line":1203,"column":8},"end":{"line":1203,"column":null}},"465":{"start":{"line":1209,"column":27},"end":{"line":1234,"column":null}},"466":{"start":{"line":1210,"column":23},"end":{"line":1210,"column":null}},"467":{"start":{"line":1211,"column":21},"end":{"line":1211,"column":null}},"468":{"start":{"line":1212,"column":25},"end":{"line":1212,"column":null}},"469":{"start":{"line":1213,"column":4},"end":{"line":1224,"column":null}},"470":{"start":{"line":1214,"column":6},"end":{"line":1221,"column":null}},"471":{"start":{"line":1223,"column":6},"end":{"line":1223,"column":null}},"472":{"start":{"line":1225,"column":4},"end":{"line":1233,"column":null}},"473":{"start":{"line":1226,"column":18},"end":{"line":1226,"column":null}},"474":{"start":{"line":1226,"column":38},"end":{"line":1226,"column":98}},"475":{"start":{"line":1227,"column":6},"end":{"line":1231,"column":null}},"476":{"start":{"line":1228,"column":24},"end":{"line":1228,"column":null}},"477":{"start":{"line":1229,"column":8},"end":{"line":1229,"column":null}},"478":{"start":{"line":1230,"column":8},"end":{"line":1230,"column":null}},"479":{"start":{"line":1232,"column":6},"end":{"line":1232,"column":null}},"480":{"start":{"line":1236,"column":26},"end":{"line":1238,"column":null}},"481":{"start":{"line":1237,"column":4},"end":{"line":1237,"column":null}},"482":{"start":{"line":1240,"column":33},"end":{"line":1242,"column":null}},"483":{"start":{"line":1241,"column":4},"end":{"line":1241,"column":null}},"484":{"start":{"line":1244,"column":29},"end":{"line":1247,"column":null}},"485":{"start":{"line":1245,"column":20},"end":{"line":1245,"column":null}},"486":{"start":{"line":1246,"column":4},"end":{"line":1246,"column":null}},"487":{"start":{"line":1246,"column":31},"end":{"line":1246,"column":49}},"488":{"start":{"line":1249,"column":33},"end":{"line":1249,"column":null}},"489":{"start":{"line":1249,"column":56},"end":{"line":1249,"column":null}},"490":{"start":{"line":1252,"column":24},"end":{"line":1339,"column":null}},"491":{"start":{"line":1253,"column":4},"end":{"line":1338,"column":null}},"492":{"start":{"line":1255,"column":33},"end":{"line":1255,"column":null}},"493":{"start":{"line":1255,"column":55},"end":{"line":1255,"column":97}},"494":{"start":{"line":1256,"column":6},"end":{"line":1258,"column":null}},"495":{"start":{"line":1257,"column":8},"end":{"line":1257,"column":null}},"496":{"start":{"line":1260,"column":19},"end":{"line":1260,"column":null}},"497":{"start":{"line":1262,"column":22},"end":{"line":1272,"column":null}},"498":{"start":{"line":1274,"column":6},"end":{"line":1334,"column":null}},"499":{"start":{"line":1275,"column":23},"end":{"line":1286,"column":null}},"500":{"start":{"line":1287,"column":8},"end":{"line":1287,"column":null}},"501":{"start":{"line":1287,"column":31},"end":{"line":1287,"column":48}},"502":{"start":{"line":1290,"column":30},"end":{"line":1304,"column":null}},"503":{"start":{"line":1305,"column":29},"end":{"line":1305,"column":null}},"504":{"start":{"line":1306,"column":8},"end":{"line":1320,"column":null}},"505":{"start":{"line":1307,"column":10},"end":{"line":1319,"column":null}},"506":{"start":{"line":1307,"column":39},"end":{"line":1319,"column":21}},"507":{"start":{"line":1322,"column":8},"end":{"line":1331,"column":null}},"508":{"start":{"line":1323,"column":10},"end":{"line":1330,"column":null}},"509":{"start":{"line":1333,"column":8},"end":{"line":1333,"column":null}},"510":{"start":{"line":1336,"column":6},"end":{"line":1336,"column":null}},"511":{"start":{"line":1337,"column":6},"end":{"line":1337,"column":null}},"512":{"start":{"line":1341,"column":26},"end":{"line":1433,"column":null}},"513":{"start":{"line":1342,"column":18},"end":{"line":1342,"column":null}},"514":{"start":{"line":1342,"column":40},"end":{"line":1342,"column":61}},"515":{"start":{"line":1343,"column":4},"end":{"line":1343,"column":null}},"516":{"start":{"line":1343,"column":16},"end":{"line":1343,"column":null}},"517":{"start":{"line":1345,"column":17},"end":{"line":1345,"column":null}},"518":{"start":{"line":1347,"column":4},"end":{"line":1432,"column":null}},"519":{"start":{"line":1348,"column":22},"end":{"line":1354,"column":null}},"520":{"start":{"line":1356,"column":6},"end":{"line":1428,"column":null}},"521":{"start":{"line":1357,"column":23},"end":{"line":1368,"column":null}},"522":{"start":{"line":1370,"column":8},"end":{"line":1370,"column":null}},"523":{"start":{"line":1370,"column":31},"end":{"line":1370,"column":80}},"524":{"start":{"line":1370,"column":45},"end":{"line":1370,"column":79}},"525":{"start":{"line":1373,"column":30},"end":{"line":1387,"column":null}},"526":{"start":{"line":1388,"column":29},"end":{"line":1388,"column":null}},"527":{"start":{"line":1389,"column":8},"end":{"line":1403,"column":null}},"528":{"start":{"line":1390,"column":10},"end":{"line":1402,"column":null}},"529":{"start":{"line":1390,"column":39},"end":{"line":1402,"column":21}},"530":{"start":{"line":1405,"column":8},"end":{"line":1416,"column":null}},"531":{"start":{"line":1406,"column":10},"end":{"line":1415,"column":null}},"532":{"start":{"line":1418,"column":8},"end":{"line":1425,"column":null}},"533":{"start":{"line":1427,"column":8},"end":{"line":1427,"column":null}},"534":{"start":{"line":1430,"column":6},"end":{"line":1430,"column":null}},"535":{"start":{"line":1431,"column":6},"end":{"line":1431,"column":null}},"536":{"start":{"line":1435,"column":23},"end":{"line":1507,"column":null}},"537":{"start":{"line":1436,"column":4},"end":{"line":1506,"column":null}},"538":{"start":{"line":1438,"column":28},"end":{"line":1438,"column":null}},"539":{"start":{"line":1438,"column":48},"end":{"line":1438,"column":122}},"540":{"start":{"line":1440,"column":6},"end":{"line":1455,"column":null}},"541":{"start":{"line":1442,"column":50},"end":{"line":1451,"column":null}},"542":{"start":{"line":1453,"column":8},"end":{"line":1453,"column":null}},"543":{"start":{"line":1453,"column":48},"end":{"line":1453,"column":null}},"544":{"start":{"line":1454,"column":8},"end":{"line":1454,"column":null}},"545":{"start":{"line":1457,"column":27},"end":{"line":1457,"column":null}},"546":{"start":{"line":1458,"column":26},"end":{"line":1458,"column":null}},"547":{"start":{"line":1459,"column":28},"end":{"line":1459,"column":null}},"548":{"start":{"line":1460,"column":24},"end":{"line":1460,"column":71}},"549":{"start":{"line":1463,"column":27},"end":{"line":1463,"column":null}},"550":{"start":{"line":1463,"column":49},"end":{"line":1463,"column":84}},"551":{"start":{"line":1465,"column":6},"end":{"line":1502,"column":null}},"552":{"start":{"line":1467,"column":20},"end":{"line":1473,"column":null}},"553":{"start":{"line":1474,"column":8},"end":{"line":1474,"column":null}},"554":{"start":{"line":1474,"column":23},"end":{"line":1474,"column":null}},"555":{"start":{"line":1475,"column":8},"end":{"line":1475,"column":null}},"556":{"start":{"line":1478,"column":50},"end":{"line":1487,"column":null}},"557":{"start":{"line":1489,"column":8},"end":{"line":1489,"column":null}},"558":{"start":{"line":1489,"column":48},"end":{"line":1489,"column":null}},"559":{"start":{"line":1490,"column":34},"end":{"line":1490,"column":null}},"560":{"start":{"line":1492,"column":8},"end":{"line":1499,"column":null}},"561":{"start":{"line":1501,"column":8},"end":{"line":1501,"column":null}},"562":{"start":{"line":1504,"column":6},"end":{"line":1504,"column":null}},"563":{"start":{"line":1505,"column":6},"end":{"line":1505,"column":null}},"564":{"start":{"line":1509,"column":33},"end":{"line":1555,"column":null}},"565":{"start":{"line":1510,"column":4},"end":{"line":1554,"column":null}},"566":{"start":{"line":1511,"column":6},"end":{"line":1511,"column":null}},"567":{"start":{"line":1513,"column":48},"end":{"line":1522,"column":null}},"568":{"start":{"line":1524,"column":6},"end":{"line":1524,"column":null}},"569":{"start":{"line":1524,"column":46},"end":{"line":1524,"column":null}},"570":{"start":{"line":1525,"column":30},"end":{"line":1525,"column":null}},"571":{"start":{"line":1527,"column":6},"end":{"line":1538,"column":null}},"572":{"start":{"line":1528,"column":8},"end":{"line":1537,"column":null}},"573":{"start":{"line":1540,"column":6},"end":{"line":1540,"column":null}},"574":{"start":{"line":1540,"column":26},"end":{"line":1540,"column":63}},"575":{"start":{"line":1540,"column":43},"end":{"line":1540,"column":62}},"576":{"start":{"line":1542,"column":22},"end":{"line":1542,"column":null}},"577":{"start":{"line":1542,"column":41},"end":{"line":1542,"column":68}},"578":{"start":{"line":1543,"column":6},"end":{"line":1548,"column":null}},"579":{"start":{"line":1544,"column":8},"end":{"line":1547,"column":null}},"580":{"start":{"line":1550,"column":6},"end":{"line":1550,"column":null}},"581":{"start":{"line":1552,"column":6},"end":{"line":1552,"column":null}},"582":{"start":{"line":1553,"column":6},"end":{"line":1553,"column":null}},"583":{"start":{"line":1557,"column":27},"end":{"line":1586,"column":null}},"584":{"start":{"line":1558,"column":4},"end":{"line":1585,"column":null}},"585":{"start":{"line":1559,"column":22},"end":{"line":1565,"column":null}},"586":{"start":{"line":1566,"column":6},"end":{"line":1581,"column":null}},"587":{"start":{"line":1567,"column":23},"end":{"line":1578,"column":null}},"588":{"start":{"line":1579,"column":8},"end":{"line":1579,"column":null}},"589":{"start":{"line":1579,"column":31},"end":{"line":1579,"column":80}},"590":{"start":{"line":1579,"column":45},"end":{"line":1579,"column":79}},"591":{"start":{"line":1580,"column":8},"end":{"line":1580,"column":null}},"592":{"start":{"line":1583,"column":6},"end":{"line":1583,"column":null}},"593":{"start":{"line":1584,"column":6},"end":{"line":1584,"column":null}},"594":{"start":{"line":1588,"column":27},"end":{"line":1597,"column":null}},"595":{"start":{"line":1589,"column":4},"end":{"line":1596,"column":null}},"596":{"start":{"line":1590,"column":6},"end":{"line":1590,"column":null}},"597":{"start":{"line":1591,"column":6},"end":{"line":1591,"column":null}},"598":{"start":{"line":1591,"column":29},"end":{"line":1591,"column":68}},"599":{"start":{"line":1591,"column":46},"end":{"line":1591,"column":67}},"600":{"start":{"line":1592,"column":6},"end":{"line":1592,"column":null}},"601":{"start":{"line":1594,"column":6},"end":{"line":1594,"column":null}},"602":{"start":{"line":1595,"column":6},"end":{"line":1595,"column":null}},"603":{"start":{"line":1599,"column":38},"end":{"line":1599,"column":null}},"604":{"start":{"line":1599,"column":63},"end":{"line":1599,"column":null}},"605":{"start":{"line":1600,"column":28},"end":{"line":1600,"column":null}},"606":{"start":{"line":1600,"column":67},"end":{"line":1600,"column":null}},"607":{"start":{"line":1603,"column":21},"end":{"line":1630,"column":null}},"608":{"start":{"line":1604,"column":4},"end":{"line":1629,"column":null}},"609":{"start":{"line":1605,"column":22},"end":{"line":1610,"column":null}},"610":{"start":{"line":1611,"column":6},"end":{"line":1625,"column":null}},"611":{"start":{"line":1612,"column":23},"end":{"line":1622,"column":null}},"612":{"start":{"line":1623,"column":8},"end":{"line":1623,"column":null}},"613":{"start":{"line":1623,"column":28},"end":{"line":1623,"column":45}},"614":{"start":{"line":1624,"column":8},"end":{"line":1624,"column":null}},"615":{"start":{"line":1627,"column":6},"end":{"line":1627,"column":null}},"616":{"start":{"line":1628,"column":6},"end":{"line":1628,"column":null}},"617":{"start":{"line":1632,"column":24},"end":{"line":1679,"column":null}},"618":{"start":{"line":1633,"column":22},"end":{"line":1633,"column":null}},"619":{"start":{"line":1634,"column":20},"end":{"line":1634,"column":null}},"620":{"start":{"line":1637,"column":4},"end":{"line":1665,"column":null}},"621":{"start":{"line":1637,"column":24},"end":{"line":1665,"column":6}},"622":{"start":{"line":1638,"column":6},"end":{"line":1663,"column":null}},"623":{"start":{"line":1639,"column":8},"end":{"line":1639,"column":null}},"624":{"start":{"line":1640,"column":8},"end":{"line":1640,"column":null}},"625":{"start":{"line":1641,"column":30},"end":{"line":1641,"column":null}},"626":{"start":{"line":1642,"column":32},"end":{"line":1642,"column":null}},"627":{"start":{"line":1644,"column":8},"end":{"line":1653,"column":null}},"628":{"start":{"line":1645,"column":10},"end":{"line":1652,"column":null}},"629":{"start":{"line":1655,"column":8},"end":{"line":1661,"column":null}},"630":{"start":{"line":1662,"column":8},"end":{"line":1662,"column":null}},"631":{"start":{"line":1664,"column":6},"end":{"line":1664,"column":null}},"632":{"start":{"line":1667,"column":4},"end":{"line":1677,"column":null}},"633":{"start":{"line":1668,"column":6},"end":{"line":1676,"column":null}},"634":{"start":{"line":1669,"column":8},"end":{"line":1672,"column":null}},"635":{"start":{"line":1674,"column":8},"end":{"line":1674,"column":null}},"636":{"start":{"line":1675,"column":8},"end":{"line":1675,"column":null}},"637":{"start":{"line":1678,"column":4},"end":{"line":1678,"column":null}},"638":{"start":{"line":1681,"column":24},"end":{"line":1712,"column":null}},"639":{"start":{"line":1682,"column":22},"end":{"line":1682,"column":null}},"640":{"start":{"line":1683,"column":20},"end":{"line":1683,"column":null}},"641":{"start":{"line":1684,"column":4},"end":{"line":1691,"column":null}},"642":{"start":{"line":1684,"column":24},"end":{"line":1691,"column":6}},"643":{"start":{"line":1685,"column":6},"end":{"line":1689,"column":null}},"644":{"start":{"line":1686,"column":8},"end":{"line":1686,"column":null}},"645":{"start":{"line":1687,"column":8},"end":{"line":1687,"column":null}},"646":{"start":{"line":1688,"column":8},"end":{"line":1688,"column":null}},"647":{"start":{"line":1690,"column":6},"end":{"line":1690,"column":null}},"648":{"start":{"line":1693,"column":4},"end":{"line":1700,"column":null}},"649":{"start":{"line":1694,"column":6},"end":{"line":1696,"column":null}},"650":{"start":{"line":1698,"column":6},"end":{"line":1698,"column":null}},"651":{"start":{"line":1699,"column":6},"end":{"line":1699,"column":null}},"652":{"start":{"line":1702,"column":4},"end":{"line":1709,"column":null}},"653":{"start":{"line":1711,"column":4},"end":{"line":1711,"column":null}},"654":{"start":{"line":1714,"column":28},"end":{"line":1747,"column":null}},"655":{"start":{"line":1715,"column":22},"end":{"line":1715,"column":null}},"656":{"start":{"line":1716,"column":20},"end":{"line":1716,"column":null}},"657":{"start":{"line":1717,"column":4},"end":{"line":1726,"column":null}},"658":{"start":{"line":1717,"column":24},"end":{"line":1726,"column":6}},"659":{"start":{"line":1718,"column":6},"end":{"line":1724,"column":null}},"660":{"start":{"line":1719,"column":8},"end":{"line":1719,"column":null}},"661":{"start":{"line":1720,"column":8},"end":{"line":1720,"column":null}},"662":{"start":{"line":1721,"column":24},"end":{"line":1721,"column":null}},"663":{"start":{"line":1722,"column":8},"end":{"line":1722,"column":null}},"664":{"start":{"line":1723,"column":8},"end":{"line":1723,"column":null}},"665":{"start":{"line":1725,"column":6},"end":{"line":1725,"column":null}},"666":{"start":{"line":1728,"column":4},"end":{"line":1735,"column":null}},"667":{"start":{"line":1729,"column":6},"end":{"line":1731,"column":null}},"668":{"start":{"line":1733,"column":6},"end":{"line":1733,"column":null}},"669":{"start":{"line":1734,"column":6},"end":{"line":1734,"column":null}},"670":{"start":{"line":1737,"column":4},"end":{"line":1744,"column":null}},"671":{"start":{"line":1746,"column":4},"end":{"line":1746,"column":null}},"672":{"start":{"line":1750,"column":29},"end":{"line":1809,"column":null}},"673":{"start":{"line":1751,"column":4},"end":{"line":1808,"column":null}},"674":{"start":{"line":1754,"column":33},"end":{"line":1759,"column":null}},"675":{"start":{"line":1761,"column":6},"end":{"line":1786,"column":null}},"676":{"start":{"line":1762,"column":8},"end":{"line":1762,"column":null}},"677":{"start":{"line":1765,"column":31},"end":{"line":1765,"column":null}},"678":{"start":{"line":1766,"column":23},"end":{"line":1766,"column":null}},"679":{"start":{"line":1769,"column":41},"end":{"line":1783,"column":null}},"680":{"start":{"line":1784,"column":8},"end":{"line":1784,"column":null}},"681":{"start":{"line":1784,"column":19},"end":{"line":1784,"column":null}},"682":{"start":{"line":1785,"column":8},"end":{"line":1785,"column":null}},"683":{"start":{"line":1789,"column":47},"end":{"line":1799,"column":null}},"684":{"start":{"line":1800,"column":6},"end":{"line":1800,"column":null}},"685":{"start":{"line":1800,"column":20},"end":{"line":1800,"column":null}},"686":{"start":{"line":1803,"column":6},"end":{"line":1803,"column":null}},"687":{"start":{"line":1804,"column":6},"end":{"line":1804,"column":null}},"688":{"start":{"line":1806,"column":6},"end":{"line":1806,"column":null}},"689":{"start":{"line":1807,"column":6},"end":{"line":1807,"column":null}},"690":{"start":{"line":1811,"column":32},"end":{"line":1844,"column":null}},"691":{"start":{"line":1812,"column":4},"end":{"line":1843,"column":null}},"692":{"start":{"line":1813,"column":20},"end":{"line":1813,"column":null}},"693":{"start":{"line":1813,"column":47},"end":{"line":1813,"column":58}},"694":{"start":{"line":1814,"column":6},"end":{"line":1814,"column":null}},"695":{"start":{"line":1814,"column":18},"end":{"line":1814,"column":null}},"696":{"start":{"line":1817,"column":6},"end":{"line":1825,"column":null}},"697":{"start":{"line":1818,"column":8},"end":{"line":1824,"column":null}},"698":{"start":{"line":1828,"column":25},"end":{"line":1828,"column":null}},"699":{"start":{"line":1829,"column":6},"end":{"line":1829,"column":null}},"700":{"start":{"line":1829,"column":30},"end":{"line":1829,"column":null}},"701":{"start":{"line":1830,"column":6},"end":{"line":1830,"column":null}},"702":{"start":{"line":1830,"column":30},"end":{"line":1830,"column":null}},"703":{"start":{"line":1831,"column":6},"end":{"line":1831,"column":null}},"704":{"start":{"line":1831,"column":26},"end":{"line":1831,"column":null}},"705":{"start":{"line":1833,"column":6},"end":{"line":1835,"column":null}},"706":{"start":{"line":1834,"column":8},"end":{"line":1834,"column":null}},"707":{"start":{"line":1838,"column":6},"end":{"line":1838,"column":null}},"708":{"start":{"line":1839,"column":6},"end":{"line":1839,"column":null}},"709":{"start":{"line":1841,"column":6},"end":{"line":1841,"column":null}},"710":{"start":{"line":1842,"column":6},"end":{"line":1842,"column":null}},"711":{"start":{"line":1846,"column":32},"end":{"line":1855,"column":null}},"712":{"start":{"line":1847,"column":4},"end":{"line":1854,"column":null}},"713":{"start":{"line":1848,"column":6},"end":{"line":1848,"column":null}},"714":{"start":{"line":1849,"column":6},"end":{"line":1849,"column":null}},"715":{"start":{"line":1850,"column":6},"end":{"line":1850,"column":null}},"716":{"start":{"line":1852,"column":6},"end":{"line":1852,"column":null}},"717":{"start":{"line":1853,"column":6},"end":{"line":1853,"column":null}},"718":{"start":{"line":1857,"column":29},"end":{"line":1872,"column":null}},"719":{"start":{"line":1858,"column":4},"end":{"line":1871,"column":null}},"720":{"start":{"line":1859,"column":29},"end":{"line":1859,"column":null}},"721":{"start":{"line":1860,"column":21},"end":{"line":1860,"column":null}},"722":{"start":{"line":1862,"column":23},"end":{"line":1864,"column":null}},"723":{"start":{"line":1863,"column":8},"end":{"line":1863,"column":null}},"724":{"start":{"line":1865,"column":6},"end":{"line":1865,"column":null}},"725":{"start":{"line":1866,"column":6},"end":{"line":1866,"column":null}},"726":{"start":{"line":1867,"column":6},"end":{"line":1867,"column":null}},"727":{"start":{"line":1869,"column":6},"end":{"line":1869,"column":null}},"728":{"start":{"line":1870,"column":6},"end":{"line":1870,"column":null}},"729":{"start":{"line":1874,"column":26},"end":{"line":1874,"column":null}},"730":{"start":{"line":1875,"column":20},"end":{"line":1875,"column":null}},"731":{"start":{"line":1877,"column":2},"end":{"line":1898,"column":null}},"732":{"start":{"line":1902,"column":13},"end":{"line":1902,"column":null}},"733":{"start":{"line":1902,"column":35},"end":{"line":1902,"column":null}}},"fnMap":{"0":{"name":"(anonymous_0)","decl":{"start":{"line":9,"column":13},"end":{"line":9,"column":28}},"loc":{"start":{"line":9,"column":45},"end":{"line":1900,"column":null}},"line":9},"1":{"name":"(anonymous_1)","decl":{"start":{"line":44,"column":2},"end":{"line":44,"column":18}},"loc":{"start":{"line":44,"column":18},"end":{"line":46,"column":5}},"line":44},"2":{"name":"(anonymous_2)","decl":{"start":{"line":48,"column":2},"end":{"line":48,"column":18}},"loc":{"start":{"line":48,"column":18},"end":{"line":50,"column":5}},"line":48},"3":{"name":"(anonymous_3)","decl":{"start":{"line":54,"column":27},"end":{"line":54,"column":39}},"loc":{"start":{"line":54,"column":39},"end":{"line":257,"column":null}},"line":54},"4":{"name":"(anonymous_4)","decl":{"start":{"line":71,"column":28},"end":{"line":71,"column":34}},"loc":{"start":{"line":71,"column":39},"end":{"line":71,"column":96}},"line":71},"5":{"name":"(anonymous_5)","decl":{"start":{"line":72,"column":30},"end":{"line":72,"column":36}},"loc":{"start":{"line":72,"column":41},"end":{"line":72,"column":100}},"line":72},"6":{"name":"(anonymous_6)","decl":{"start":{"line":73,"column":29},"end":{"line":73,"column":35}},"loc":{"start":{"line":73,"column":40},"end":{"line":73,"column":98}},"line":73},"7":{"name":"(anonymous_7)","decl":{"start":{"line":74,"column":28},"end":{"line":74,"column":34}},"loc":{"start":{"line":74,"column":39},"end":{"line":74,"column":96}},"line":74},"8":{"name":"(anonymous_8)","decl":{"start":{"line":75,"column":30},"end":{"line":75,"column":36}},"loc":{"start":{"line":75,"column":41},"end":{"line":75,"column":100}},"line":75},"9":{"name":"(anonymous_9)","decl":{"start":{"line":76,"column":31},"end":{"line":76,"column":37}},"loc":{"start":{"line":76,"column":42},"end":{"line":76,"column":102}},"line":76},"10":{"name":"(anonymous_10)","decl":{"start":{"line":77,"column":27},"end":{"line":77,"column":33}},"loc":{"start":{"line":77,"column":38},"end":{"line":77,"column":94}},"line":77},"11":{"name":"(anonymous_11)","decl":{"start":{"line":78,"column":27},"end":{"line":78,"column":33}},"loc":{"start":{"line":78,"column":38},"end":{"line":78,"column":94}},"line":78},"12":{"name":"(anonymous_12)","decl":{"start":{"line":79,"column":37},"end":{"line":79,"column":43}},"loc":{"start":{"line":79,"column":48},"end":{"line":79,"column":114}},"line":79},"13":{"name":"(anonymous_13)","decl":{"start":{"line":80,"column":27},"end":{"line":80,"column":33}},"loc":{"start":{"line":80,"column":38},"end":{"line":80,"column":94}},"line":80},"14":{"name":"(anonymous_14)","decl":{"start":{"line":81,"column":34},"end":{"line":81,"column":40}},"loc":{"start":{"line":81,"column":45},"end":{"line":81,"column":108}},"line":81},"15":{"name":"(anonymous_15)","decl":{"start":{"line":82,"column":36},"end":{"line":82,"column":42}},"loc":{"start":{"line":82,"column":47},"end":{"line":82,"column":112}},"line":82},"16":{"name":"(anonymous_16)","decl":{"start":{"line":86,"column":39},"end":{"line":86,"column":43}},"loc":{"start":{"line":86,"column":49},"end":{"line":102,"column":10}},"line":86},"17":{"name":"(anonymous_17)","decl":{"start":{"line":107,"column":37},"end":{"line":107,"column":41}},"loc":{"start":{"line":107,"column":47},"end":{"line":120,"column":10}},"line":107},"18":{"name":"(anonymous_18)","decl":{"start":{"line":126,"column":41},"end":{"line":126,"column":45}},"loc":{"start":{"line":126,"column":51},"end":{"line":138,"column":10}},"line":126},"19":{"name":"(anonymous_19)","decl":{"start":{"line":143,"column":39},"end":{"line":143,"column":43}},"loc":{"start":{"line":143,"column":49},"end":{"line":151,"column":10}},"line":143},"20":{"name":"(anonymous_20)","decl":{"start":{"line":156,"column":29},"end":{"line":156,"column":33}},"loc":{"start":{"line":156,"column":38},"end":{"line":161,"column":9}},"line":156},"21":{"name":"(anonymous_21)","decl":{"start":{"line":158,"column":22},"end":{"line":158,"column":27}},"loc":{"start":{"line":158,"column":32},"end":{"line":158,"column":51}},"line":158},"22":{"name":"(anonymous_22)","decl":{"start":{"line":159,"column":23},"end":{"line":159,"column":28}},"loc":{"start":{"line":159,"column":33},"end":{"line":159,"column":52}},"line":159},"23":{"name":"(anonymous_23)","decl":{"start":{"line":170,"column":41},"end":{"line":170,"column":45}},"loc":{"start":{"line":170,"column":51},"end":{"line":182,"column":10}},"line":170},"24":{"name":"(anonymous_24)","decl":{"start":{"line":192,"column":40},"end":{"line":192,"column":44}},"loc":{"start":{"line":192,"column":50},"end":{"line":203,"column":10}},"line":192},"25":{"name":"(anonymous_25)","decl":{"start":{"line":209,"column":19},"end":{"line":209,"column":27}},"loc":{"start":{"line":209,"column":32},"end":{"line":214,"column":9}},"line":209},"26":{"name":"(anonymous_26)","decl":{"start":{"line":215,"column":8},"end":{"line":215,"column":26}},"loc":{"start":{"line":215,"column":35},"end":{"line":215,"column":66}},"line":215},"27":{"name":"(anonymous_27)","decl":{"start":{"line":219,"column":37},"end":{"line":219,"column":41}},"loc":{"start":{"line":219,"column":47},"end":{"line":229,"column":10}},"line":219},"28":{"name":"(anonymous_28)","decl":{"start":{"line":234,"column":36},"end":{"line":234,"column":40}},"loc":{"start":{"line":234,"column":45},"end":{"line":247,"column":9}},"line":234},"29":{"name":"(anonymous_29)","decl":{"start":{"line":235,"column":29},"end":{"line":235,"column":34}},"loc":{"start":{"line":235,"column":39},"end":{"line":235,"column":60}},"line":235},"30":{"name":"(anonymous_30)","decl":{"start":{"line":259,"column":2},"end":{"line":259,"column":18}},"loc":{"start":{"line":259,"column":18},"end":{"line":261,"column":5}},"line":259},"31":{"name":"(anonymous_31)","decl":{"start":{"line":264,"column":30},"end":{"line":264,"column":37}},"loc":{"start":{"line":264,"column":53},"end":{"line":303,"column":null}},"line":264},"32":{"name":"(anonymous_32)","decl":{"start":{"line":306,"column":2},"end":{"line":306,"column":18}},"loc":{"start":{"line":306,"column":18},"end":{"line":332,"column":5}},"line":306},"33":{"name":"(anonymous_33)","decl":{"start":{"line":307,"column":36},"end":{"line":307,"column":43}},"loc":{"start":{"line":307,"column":69},"end":{"line":316,"column":5}},"line":307},"34":{"name":"(anonymous_34)","decl":{"start":{"line":318,"column":71},"end":{"line":318,"column":78}},"loc":{"start":{"line":318,"column":98},"end":{"line":327,"column":5}},"line":318},"35":{"name":"(anonymous_35)","decl":{"start":{"line":329,"column":4},"end":{"line":329,"column":17}},"loc":{"start":{"line":329,"column":17},"end":{"line":331,"column":null}},"line":329},"36":{"name":"(anonymous_36)","decl":{"start":{"line":335,"column":2},"end":{"line":335,"column":18}},"loc":{"start":{"line":335,"column":18},"end":{"line":508,"column":5}},"line":335},"37":{"name":"(anonymous_37)","decl":{"start":{"line":338,"column":82},"end":{"line":338,"column":94}},"loc":{"start":{"line":338,"column":94},"end":{"line":364,"column":7}},"line":338},"38":{"name":"(anonymous_38)","decl":{"start":{"line":342,"column":43},"end":{"line":342,"column":47}},"loc":{"start":{"line":342,"column":53},"end":{"line":358,"column":14}},"line":342},"39":{"name":"(anonymous_39)","decl":{"start":{"line":365,"column":83},"end":{"line":365,"column":95}},"loc":{"start":{"line":365,"column":95},"end":{"line":388,"column":7}},"line":365},"40":{"name":"(anonymous_40)","decl":{"start":{"line":369,"column":41},"end":{"line":369,"column":45}},"loc":{"start":{"line":369,"column":51},"end":{"line":382,"column":14}},"line":369},"41":{"name":"(anonymous_41)","decl":{"start":{"line":389,"column":85},"end":{"line":389,"column":97}},"loc":{"start":{"line":389,"column":97},"end":{"line":407,"column":7}},"line":389},"42":{"name":"(anonymous_42)","decl":{"start":{"line":393,"column":43},"end":{"line":393,"column":47}},"loc":{"start":{"line":393,"column":53},"end":{"line":401,"column":14}},"line":393},"43":{"name":"(anonymous_43)","decl":{"start":{"line":408,"column":85},"end":{"line":408,"column":97}},"loc":{"start":{"line":408,"column":97},"end":{"line":422,"column":7}},"line":408},"44":{"name":"(anonymous_44)","decl":{"start":{"line":411,"column":10},"end":{"line":411,"column":23}},"loc":{"start":{"line":411,"column":31},"end":{"line":418,"column":11}},"line":411},"45":{"name":"(anonymous_45)","decl":{"start":{"line":412,"column":25},"end":{"line":412,"column":29}},"loc":{"start":{"line":412,"column":34},"end":{"line":417,"column":13}},"line":412},"46":{"name":"(anonymous_46)","decl":{"start":{"line":414,"column":39},"end":{"line":414,"column":44}},"loc":{"start":{"line":414,"column":49},"end":{"line":414,"column":68}},"line":414},"47":{"name":"(anonymous_47)","decl":{"start":{"line":415,"column":40},"end":{"line":415,"column":45}},"loc":{"start":{"line":415,"column":50},"end":{"line":415,"column":69}},"line":415},"48":{"name":"(anonymous_48)","decl":{"start":{"line":423,"column":86},"end":{"line":423,"column":98}},"loc":{"start":{"line":423,"column":98},"end":{"line":445,"column":7}},"line":423},"49":{"name":"(anonymous_49)","decl":{"start":{"line":427,"column":45},"end":{"line":427,"column":49}},"loc":{"start":{"line":427,"column":55},"end":{"line":439,"column":14}},"line":427},"50":{"name":"(anonymous_50)","decl":{"start":{"line":446,"column":92},"end":{"line":446,"column":104}},"loc":{"start":{"line":446,"column":104},"end":{"line":470,"column":7}},"line":446},"51":{"name":"(anonymous_51)","decl":{"start":{"line":451,"column":40},"end":{"line":451,"column":44}},"loc":{"start":{"line":451,"column":49},"end":{"line":464,"column":13}},"line":451},"52":{"name":"(anonymous_52)","decl":{"start":{"line":452,"column":33},"end":{"line":452,"column":38}},"loc":{"start":{"line":452,"column":43},"end":{"line":452,"column":64}},"line":452},"53":{"name":"(anonymous_53)","decl":{"start":{"line":471,"column":91},"end":{"line":471,"column":103}},"loc":{"start":{"line":471,"column":103},"end":{"line":478,"column":7}},"line":471},"54":{"name":"(anonymous_54)","decl":{"start":{"line":479,"column":94},"end":{"line":479,"column":106}},"loc":{"start":{"line":479,"column":106},"end":{"line":502,"column":7}},"line":479},"55":{"name":"(anonymous_55)","decl":{"start":{"line":485,"column":44},"end":{"line":485,"column":48}},"loc":{"start":{"line":485,"column":54},"end":{"line":496,"column":14}},"line":485},"56":{"name":"(anonymous_56)","decl":{"start":{"line":505,"column":4},"end":{"line":505,"column":17}},"loc":{"start":{"line":505,"column":17},"end":{"line":507,"column":null}},"line":505},"57":{"name":"(anonymous_57)","decl":{"start":{"line":511,"column":8},"end":{"line":511,"column":26}},"loc":{"start":{"line":511,"column":51},"end":{"line":573,"column":null}},"line":511},"58":{"name":"(anonymous_58)","decl":{"start":{"line":535,"column":4},"end":{"line":535,"column":26}},"loc":{"start":{"line":535,"column":34},"end":{"line":535,"column":50}},"line":535},"59":{"name":"(anonymous_59)","decl":{"start":{"line":540,"column":6},"end":{"line":540,"column":19}},"loc":{"start":{"line":540,"column":27},"end":{"line":550,"column":17}},"line":540},"60":{"name":"(anonymous_60)","decl":{"start":{"line":555,"column":6},"end":{"line":555,"column":21}},"loc":{"start":{"line":555,"column":29},"end":{"line":569,"column":17}},"line":555},"61":{"name":"(anonymous_61)","decl":{"start":{"line":575,"column":8},"end":{"line":575,"column":33}},"loc":{"start":{"line":575,"column":48},"end":{"line":577,"column":null}},"line":575},"62":{"name":"(anonymous_62)","decl":{"start":{"line":576,"column":30},"end":{"line":576,"column":37}},"loc":{"start":{"line":576,"column":42},"end":{"line":576,"column":69}},"line":576},"63":{"name":"(anonymous_63)","decl":{"start":{"line":580,"column":8},"end":{"line":580,"column":30}},"loc":{"start":{"line":580,"column":82},"end":{"line":595,"column":null}},"line":580},"64":{"name":"(anonymous_64)","decl":{"start":{"line":593,"column":4},"end":{"line":593,"column":27}},"loc":{"start":{"line":593,"column":35},"end":{"line":593,"column":51}},"line":593},"65":{"name":"(anonymous_65)","decl":{"start":{"line":598,"column":8},"end":{"line":598,"column":34}},"loc":{"start":{"line":598,"column":58},"end":{"line":609,"column":null}},"line":598},"66":{"name":"(anonymous_66)","decl":{"start":{"line":607,"column":4},"end":{"line":607,"column":28}},"loc":{"start":{"line":607,"column":36},"end":{"line":607,"column":52}},"line":607},"67":{"name":"(anonymous_67)","decl":{"start":{"line":621,"column":22},"end":{"line":621,"column":29}},"loc":{"start":{"line":621,"column":39},"end":{"line":656,"column":null}},"line":621},"68":{"name":"(anonymous_68)","decl":{"start":{"line":643,"column":27},"end":{"line":643,"column":31}},"loc":{"start":{"line":643,"column":36},"end":{"line":648,"column":7}},"line":643},"69":{"name":"(anonymous_69)","decl":{"start":{"line":645,"column":22},"end":{"line":645,"column":27}},"loc":{"start":{"line":645,"column":32},"end":{"line":645,"column":51}},"line":645},"70":{"name":"(anonymous_70)","decl":{"start":{"line":646,"column":23},"end":{"line":646,"column":28}},"loc":{"start":{"line":646,"column":33},"end":{"line":646,"column":52}},"line":646},"71":{"name":"(anonymous_71)","decl":{"start":{"line":658,"column":29},"end":{"line":658,"column":36}},"loc":{"start":{"line":658,"column":81},"end":{"line":691,"column":null}},"line":658},"72":{"name":"(anonymous_72)","decl":{"start":{"line":668,"column":36},"end":{"line":668,"column":41}},"loc":{"start":{"line":668,"column":47},"end":{"line":668,"column":64}},"line":668},"73":{"name":"(anonymous_73)","decl":{"start":{"line":683,"column":75},"end":{"line":683,"column":80}},"loc":{"start":{"line":683,"column":86},"end":{"line":683,"column":103}},"line":683},"74":{"name":"(anonymous_74)","decl":{"start":{"line":693,"column":8},"end":{"line":693,"column":29}},"loc":{"start":{"line":693,"column":44},"end":{"line":705,"column":null}},"line":693},"75":{"name":"(anonymous_75)","decl":{"start":{"line":696,"column":7},"end":{"line":696,"column":14}},"loc":{"start":{"line":696,"column":19},"end":{"line":696,"column":69}},"line":696},"76":{"name":"(anonymous_76)","decl":{"start":{"line":697,"column":7},"end":{"line":697,"column":15}},"loc":{"start":{"line":697,"column":26},"end":{"line":697,"column":59}},"line":697},"77":{"name":"(anonymous_77)","decl":{"start":{"line":699,"column":39},"end":{"line":699,"column":44}},"loc":{"start":{"line":699,"column":49},"end":{"line":699,"column":74}},"line":699},"78":{"name":"(anonymous_78)","decl":{"start":{"line":703,"column":7},"end":{"line":703,"column":14}},"loc":{"start":{"line":703,"column":19},"end":{"line":703,"column":68}},"line":703},"79":{"name":"(anonymous_79)","decl":{"start":{"line":704,"column":7},"end":{"line":704,"column":15}},"loc":{"start":{"line":704,"column":26},"end":{"line":704,"column":59}},"line":704},"80":{"name":"(anonymous_80)","decl":{"start":{"line":707,"column":8},"end":{"line":707,"column":36}},"loc":{"start":{"line":707,"column":51},"end":{"line":718,"column":null}},"line":707},"81":{"name":"(anonymous_81)","decl":{"start":{"line":714,"column":7},"end":{"line":714,"column":14}},"loc":{"start":{"line":714,"column":19},"end":{"line":714,"column":80}},"line":714},"82":{"name":"(anonymous_82)","decl":{"start":{"line":715,"column":7},"end":{"line":715,"column":13}},"loc":{"start":{"line":715,"column":22},"end":{"line":715,"column":57}},"line":715},"83":{"name":"(anonymous_83)","decl":{"start":{"line":721,"column":8},"end":{"line":721,"column":25}},"loc":{"start":{"line":721,"column":35},"end":{"line":753,"column":null}},"line":721},"84":{"name":"(anonymous_84)","decl":{"start":{"line":751,"column":4},"end":{"line":751,"column":19}},"loc":{"start":{"line":751,"column":27},"end":{"line":751,"column":41}},"line":751},"85":{"name":"(anonymous_85)","decl":{"start":{"line":761,"column":16},"end":{"line":761,"column":23}},"loc":{"start":{"line":761,"column":43},"end":{"line":815,"column":null}},"line":761},"86":{"name":"(anonymous_86)","decl":{"start":{"line":800,"column":9},"end":{"line":800,"column":21}},"loc":{"start":{"line":800,"column":21},"end":{"line":800,"column":23}},"line":800},"87":{"name":"(anonymous_87)","decl":{"start":{"line":809,"column":9},"end":{"line":809,"column":21}},"loc":{"start":{"line":809,"column":21},"end":{"line":809,"column":23}},"line":809},"88":{"name":"(anonymous_88)","decl":{"start":{"line":817,"column":17},"end":{"line":817,"column":24}},"loc":{"start":{"line":817,"column":57},"end":{"line":896,"column":null}},"line":817},"89":{"name":"(anonymous_89)","decl":{"start":{"line":898,"column":17},"end":{"line":898,"column":29}},"loc":{"start":{"line":898,"column":29},"end":{"line":909,"column":null}},"line":898},"90":{"name":"(anonymous_90)","decl":{"start":{"line":911,"column":24},"end":{"line":911,"column":31}},"loc":{"start":{"line":911,"column":41},"end":{"line":915,"column":null}},"line":911},"91":{"name":"(anonymous_91)","decl":{"start":{"line":917,"column":25},"end":{"line":917,"column":32}},"loc":{"start":{"line":917,"column":48},"end":{"line":919,"column":null}},"line":917},"92":{"name":"(anonymous_92)","decl":{"start":{"line":922,"column":22},"end":{"line":922,"column":29}},"loc":{"start":{"line":922,"column":46},"end":{"line":966,"column":null}},"line":922},"93":{"name":"(anonymous_93)","decl":{"start":{"line":959,"column":8},"end":{"line":959,"column":21}},"loc":{"start":{"line":959,"column":29},"end":{"line":959,"column":46}},"line":959},"94":{"name":"(anonymous_94)","decl":{"start":{"line":968,"column":25},"end":{"line":968,"column":32}},"loc":{"start":{"line":968,"column":56},"end":{"line":1008,"column":null}},"line":968},"95":{"name":"(anonymous_95)","decl":{"start":{"line":983,"column":35},"end":{"line":983,"column":40}},"loc":{"start":{"line":983,"column":45},"end":{"line":983,"column":56}},"line":983},"96":{"name":"(anonymous_96)","decl":{"start":{"line":1001,"column":8},"end":{"line":1001,"column":21}},"loc":{"start":{"line":1001,"column":29},"end":{"line":1001,"column":68}},"line":1001},"97":{"name":"(anonymous_97)","decl":{"start":{"line":1001,"column":34},"end":{"line":1001,"column":38}},"loc":{"start":{"line":1001,"column":43},"end":{"line":1001,"column":67}},"line":1001},"98":{"name":"(anonymous_98)","decl":{"start":{"line":1010,"column":25},"end":{"line":1010,"column":32}},"loc":{"start":{"line":1010,"column":47},"end":{"line":1019,"column":null}},"line":1010},"99":{"name":"(anonymous_99)","decl":{"start":{"line":1013,"column":6},"end":{"line":1013,"column":19}},"loc":{"start":{"line":1013,"column":27},"end":{"line":1013,"column":64}},"line":1013},"100":{"name":"(anonymous_100)","decl":{"start":{"line":1013,"column":32},"end":{"line":1013,"column":39}},"loc":{"start":{"line":1013,"column":44},"end":{"line":1013,"column":63}},"line":1013},"101":{"name":"(anonymous_101)","decl":{"start":{"line":1022,"column":21},"end":{"line":1022,"column":28}},"loc":{"start":{"line":1022,"column":44},"end":{"line":1071,"column":null}},"line":1022},"102":{"name":"(anonymous_102)","decl":{"start":{"line":1054,"column":8},"end":{"line":1054,"column":20}},"loc":{"start":{"line":1054,"column":28},"end":{"line":1054,"column":45}},"line":1054},"103":{"name":"(anonymous_103)","decl":{"start":{"line":1073,"column":24},"end":{"line":1073,"column":31}},"loc":{"start":{"line":1073,"column":47},"end":{"line":1118,"column":null}},"line":1073},"104":{"name":"(anonymous_104)","decl":{"start":{"line":1086,"column":34},"end":{"line":1086,"column":39}},"loc":{"start":{"line":1086,"column":44},"end":{"line":1086,"column":55}},"line":1086},"105":{"name":"(anonymous_105)","decl":{"start":{"line":1101,"column":8},"end":{"line":1101,"column":20}},"loc":{"start":{"line":1101,"column":28},"end":{"line":1101,"column":67}},"line":1101},"106":{"name":"(anonymous_106)","decl":{"start":{"line":1101,"column":33},"end":{"line":1101,"column":37}},"loc":{"start":{"line":1101,"column":42},"end":{"line":1101,"column":66}},"line":1101},"107":{"name":"(anonymous_107)","decl":{"start":{"line":1120,"column":24},"end":{"line":1120,"column":31}},"loc":{"start":{"line":1120,"column":38},"end":{"line":1129,"column":null}},"line":1120},"108":{"name":"(anonymous_108)","decl":{"start":{"line":1123,"column":6},"end":{"line":1123,"column":18}},"loc":{"start":{"line":1123,"column":26},"end":{"line":1123,"column":55}},"line":1123},"109":{"name":"(anonymous_109)","decl":{"start":{"line":1123,"column":31},"end":{"line":1123,"column":38}},"loc":{"start":{"line":1123,"column":43},"end":{"line":1123,"column":54}},"line":1123},"110":{"name":"(anonymous_110)","decl":{"start":{"line":1131,"column":28},"end":{"line":1131,"column":35}},"loc":{"start":{"line":1131,"column":42},"end":{"line":1157,"column":null}},"line":1131},"111":{"name":"(anonymous_111)","decl":{"start":{"line":1135,"column":34},"end":{"line":1135,"column":39}},"loc":{"start":{"line":1135,"column":44},"end":{"line":1135,"column":55}},"line":1135},"112":{"name":"(anonymous_112)","decl":{"start":{"line":1150,"column":8},"end":{"line":1150,"column":20}},"loc":{"start":{"line":1150,"column":28},"end":{"line":1150,"column":67}},"line":1150},"113":{"name":"(anonymous_113)","decl":{"start":{"line":1150,"column":33},"end":{"line":1150,"column":37}},"loc":{"start":{"line":1150,"column":42},"end":{"line":1150,"column":66}},"line":1150},"114":{"name":"(anonymous_114)","decl":{"start":{"line":1160,"column":2},"end":{"line":1160,"column":18}},"loc":{"start":{"line":1160,"column":18},"end":{"line":1206,"column":5}},"line":1160},"115":{"name":"(anonymous_115)","decl":{"start":{"line":1165,"column":34},"end":{"line":1165,"column":41}},"loc":{"start":{"line":1165,"column":46},"end":{"line":1165,"column":87}},"line":1165},"116":{"name":"(anonymous_116)","decl":{"start":{"line":1169,"column":6},"end":{"line":1169,"column":18}},"loc":{"start":{"line":1169,"column":34},"end":{"line":1187,"column":7}},"line":1169},"117":{"name":"(anonymous_117)","decl":{"start":{"line":1171,"column":21},"end":{"line":1171,"column":29}},"loc":{"start":{"line":1171,"column":34},"end":{"line":1185,"column":9}},"line":1171},"118":{"name":"(anonymous_118)","decl":{"start":{"line":1172,"column":37},"end":{"line":1172,"column":42}},"loc":{"start":{"line":1172,"column":47},"end":{"line":1172,"column":93}},"line":1172},"119":{"name":"(anonymous_119)","decl":{"start":{"line":1190,"column":6},"end":{"line":1190,"column":18}},"loc":{"start":{"line":1190,"column":26},"end":{"line":1204,"column":8}},"line":1190},"120":{"name":"(anonymous_120)","decl":{"start":{"line":1190,"column":31},"end":{"line":1190,"column":35}},"loc":{"start":{"line":1190,"column":40},"end":{"line":1204,"column":7}},"line":1190},"121":{"name":"(anonymous_121)","decl":{"start":{"line":1209,"column":27},"end":{"line":1209,"column":34}},"loc":{"start":{"line":1209,"column":45},"end":{"line":1234,"column":null}},"line":1209},"122":{"name":"(anonymous_122)","decl":{"start":{"line":1225,"column":4},"end":{"line":1225,"column":18}},"loc":{"start":{"line":1225,"column":26},"end":{"line":1233,"column":5}},"line":1225},"123":{"name":"(anonymous_123)","decl":{"start":{"line":1226,"column":23},"end":{"line":1226,"column":33}},"loc":{"start":{"line":1226,"column":38},"end":{"line":1226,"column":98}},"line":1226},"124":{"name":"(anonymous_124)","decl":{"start":{"line":1236,"column":26},"end":{"line":1236,"column":33}},"loc":{"start":{"line":1236,"column":175},"end":{"line":1238,"column":null}},"line":1236},"125":{"name":"(anonymous_125)","decl":{"start":{"line":1240,"column":33},"end":{"line":1240,"column":40}},"loc":{"start":{"line":1240,"column":63},"end":{"line":1242,"column":null}},"line":1240},"126":{"name":"(anonymous_126)","decl":{"start":{"line":1244,"column":29},"end":{"line":1244,"column":36}},"loc":{"start":{"line":1244,"column":48},"end":{"line":1247,"column":null}},"line":1244},"127":{"name":"(anonymous_127)","decl":{"start":{"line":1246,"column":4},"end":{"line":1246,"column":23}},"loc":{"start":{"line":1246,"column":31},"end":{"line":1246,"column":49}},"line":1246},"128":{"name":"(anonymous_128)","decl":{"start":{"line":1249,"column":33},"end":{"line":1249,"column":40}},"loc":{"start":{"line":1249,"column":56},"end":{"line":1249,"column":null}},"line":1249},"129":{"name":"(anonymous_129)","decl":{"start":{"line":1252,"column":24},"end":{"line":1252,"column":31}},"loc":{"start":{"line":1252,"column":50},"end":{"line":1339,"column":null}},"line":1252},"130":{"name":"(anonymous_130)","decl":{"start":{"line":1255,"column":45},"end":{"line":1255,"column":50}},"loc":{"start":{"line":1255,"column":55},"end":{"line":1255,"column":97}},"line":1255},"131":{"name":"(anonymous_131)","decl":{"start":{"line":1287,"column":8},"end":{"line":1287,"column":23}},"loc":{"start":{"line":1287,"column":31},"end":{"line":1287,"column":48}},"line":1287},"132":{"name":"(anonymous_132)","decl":{"start":{"line":1307,"column":10},"end":{"line":1307,"column":31}},"loc":{"start":{"line":1307,"column":39},"end":{"line":1319,"column":21}},"line":1307},"133":{"name":"(anonymous_133)","decl":{"start":{"line":1341,"column":26},"end":{"line":1341,"column":33}},"loc":{"start":{"line":1341,"column":56},"end":{"line":1433,"column":null}},"line":1341},"134":{"name":"(anonymous_134)","decl":{"start":{"line":1342,"column":30},"end":{"line":1342,"column":35}},"loc":{"start":{"line":1342,"column":40},"end":{"line":1342,"column":61}},"line":1342},"135":{"name":"(anonymous_135)","decl":{"start":{"line":1370,"column":8},"end":{"line":1370,"column":23}},"loc":{"start":{"lin
[...]
,"/Users/priyanshussahu/Documents/wellness-deshbord-main-2/src/utils/calculations.js": {"path":"/Users/priyanshussahu/Documents/wellness-deshbord-main-2/src/utils/calculations.js","statementMap":{"0":{"start":{"line":11,"column":13},"end":{"line":16,"column":null}},"1":{"start":{"line":12,"column":2},"end":{"line":12,"column":null}},"2":{"start":{"line":12,"column":18},"end":{"line":12,"column":null}},"3":{"start":{"line":13,"column":2},"end":{"line":13,"column":null}},"4":{"start":{"line":13,"column":21},"end":{"line":13,"column":null}},"5":{"start":{"line":14,"column":2},"end":{"line":14,"column":null}},"6":{"start":{"line":14,"column":16},"end":{"line":14,"column":null}},"7":{"start":{"line":15,"column":2},"end":{"line":15,"column":null}},"8":{"start":{"line":21,"column":13},"end":{"line":23,"column":null}},"9":{"start":{"line":22,"column":2},"end":{"line":22,"column":null}},"10":{"start":{"line":28,"column":13},"end":{"line":41,"column":null}},"11":{"start":{"line":29,"column":19},"end":{"line":29,"column":null}},"12":{"start":{"line":30,"column":16},"end":{"line":30,"column":null}},"13":{"start":{"line":31,"column":15},"end":{"line":31,"column":null}},"14":{"start":{"line":33,"column":2},"end":{"line":40,"column":null}},"15":{"start":{"line":46,"column":13},"end":{"line":61,"column":null}},"16":{"start":{"line":47,"column":14},"end":{"line":47,"column":null}},"17":{"start":{"line":48,"column":19},"end":{"line":48,"column":null}},"18":{"start":{"line":49,"column":22},"end":{"line":49,"column":null}},"19":{"start":{"line":51,"column":2},"end":{"line":60,"column":null}},"20":{"start":{"line":68,"column":13},"end":{"line":100,"column":null}},"21":{"start":{"line":69,"column":28},"end":{"line":69,"column":null}},"22":{"start":{"line":69,"column":52},"end":{"line":69,"column":107}},"23":{"start":{"line":71,"column":25},"end":{"line":71,"column":null}},"24":{"start":{"line":71,"column":62},"end":{"line":71,"column":96}},"25":{"start":{"line":73,"column":26},"end":{"line":73,"column":null}},"26":{"start":{"line":73,"column":49},"end":{"line":73,"column":71}},"27":{"start":{"line":74,"column":23},"end":{"line":74,"column":null}},"28":{"start":{"line":74,"column":51},"end":{"line":74,"column":73}},"29":{"start":{"line":75,"column":23},"end":{"line":75,"column":null}},"30":{"start":{"line":75,"column":51},"end":{"line":75,"column":72}},"31":{"start":{"line":77,"column":24},"end":{"line":77,"column":null}},"32":{"start":{"line":77,"column":44},"end":{"line":77,"column":65}},"33":{"start":{"line":79,"column":25},"end":{"line":79,"column":null}},"34":{"start":{"line":79,"column":46},"end":{"line":79,"column":74}},"35":{"start":{"line":82,"column":23},"end":{"line":82,"column":null}},"36":{"start":{"line":83,"column":22},"end":{"line":89,"column":null}},"37":{"start":{"line":84,"column":4},"end":{"line":84,"column":null}},"38":{"start":{"line":84,"column":20},"end":{"line":84,"column":null}},"39":{"start":{"line":85,"column":16},"end":{"line":85,"column":null}},"40":{"start":{"line":86,"column":21},"end":{"line":86,"column":null}},"41":{"start":{"line":87,"column":21},"end":{"line":87,"column":null}},"42":{"start":{"line":88,"column":4},"end":{"line":88,"column":null}},"43":{"start":{"line":91,"column":2},"end":{"line":99,"column":null}}},"fnMap":{"0":{"name":"(anonymous_0)","decl":{"start":{"line":11,"column":13},"end":{"line":11,"column":39}},"loc":{"start":{"line":11,"column":55},"end":{"line":16,"column":null}},"line":11},"1":{"name":"(anonymous_1)","decl":{"start":{"line":21,"column":13},"end":{"line":21,"column":35}},"loc":{"start":{"line":21,"column":51},"end":{"line":23,"column":null}},"line":21},"2":{"name":"(anonymous_2)","decl":{"start":{"line":28,"column":13},"end":{"line":28,"column":39}},"loc":{"start":{"line":28,"column":48},"end":{"line":41,"column":null}},"line":28},"3":{"name":"(anonymous_3)","decl":{"start":{"line":46,"column":13},"end":{"line":46,"column":39}},"loc":{"start":{"line":46,"column":55},"end":{"line":61,"column":null}},"line":46},"4":{"name":"(anonymous_4)","decl":{"start":{"line":68,"column":13},"end":{"line":68,"column":40}},"loc":{"start":{"line":68,"column":100},"end":{"line":100,"column":null}},"line":68},"5":{"name":"(anonymous_5)","decl":{"start":{"line":69,"column":40},"end":{"line":69,"column":47}},"loc":{"start":{"line":69,"column":52},"end":{"line":69,"column":107}},"line":69},"6":{"name":"(anonymous_6)","decl":{"start":{"line":71,"column":43},"end":{"line":71,"column":51}},"loc":{"start":{"line":71,"column":62},"end":{"line":71,"column":96}},"line":71},"7":{"name":"(anonymous_7)","decl":{"start":{"line":73,"column":37},"end":{"line":73,"column":44}},"loc":{"start":{"line":73,"column":49},"end":{"line":73,"column":71}},"line":73},"8":{"name":"(anonymous_8)","decl":{"start":{"line":74,"column":39},"end":{"line":74,"column":46}},"loc":{"start":{"line":74,"column":51},"end":{"line":74,"column":73}},"line":74},"9":{"name":"(anonymous_9)","decl":{"start":{"line":75,"column":39},"end":{"line":75,"column":46}},"loc":{"start":{"line":75,"column":51},"end":{"line":75,"column":72}},"line":75},"10":{"name":"(anonymous_10)","decl":{"start":{"line":77,"column":32},"end":{"line":77,"column":39}},"loc":{"start":{"line":77,"column":44},"end":{"line":77,"column":65}},"line":77},"11":{"name":"(anonymous_11)","decl":{"start":{"line":79,"column":34},"end":{"line":79,"column":41}},"loc":{"start":{"line":79,"column":46},"end":{"line":79,"column":74}},"line":79},"12":{"name":"(anonymous_12)","decl":{"start":{"line":83,"column":40},"end":{"line":83,"column":47}},"loc":{"start":{"line":83,"column":52},"end":{"line":89,"column":3}},"line":83}},"branchMap":{"0":{"loc":{"start":{"line":12,"column":2},"end":{"line":12,"column":null}},"type":"if","locations":[{"start":{"line":12,"column":2},"end":{"line":12,"column":null}},{"start":{},"end":{}}],"line":12},"1":{"loc":{"start":{"line":13,"column":2},"end":{"line":13,"column":null}},"type":"if","locations":[{"start":{"line":13,"column":2},"end":{"line":13,"column":null}},{"start":{},"end":{}}],"line":13},"2":{"loc":{"start":{"line":14,"column":2},"end":{"line":14,"column":null}},"type":"if","locations":[{"start":{"line":14,"column":2},"end":{"line":14,"column":null}},{"start":{},"end":{}}],"line":14},"3":{"loc":{"start":{"line":22,"column":28},"end":{"line":22,"column":38}},"type":"binary-expr","locations":[{"start":{"line":22,"column":28},"end":{"line":22,"column":37}},{"start":{"line":22,"column":37},"end":{"line":22,"column":38}}],"line":22},"4":{"loc":{"start":{"line":22,"column":49},"end":{"line":22,"column":58}},"type":"binary-expr","locations":[{"start":{"line":22,"column":49},"end":{"line":22,"column":57}},{"start":{"line":22,"column":57},"end":{"line":22,"column":58}}],"line":22},"5":{"loc":{"start":{"line":29,"column":19},"end":{"line":29,"column":null}},"type":"binary-expr","locations":[{"start":{"line":29,"column":19},"end":{"line":29,"column":65}},{"start":{"line":29,"column":65},"end":{"line":29,"column":null}}],"line":29},"6":{"loc":{"start":{"line":29,"column":26},"end":{"line":29,"column":60}},"type":"binary-expr","locations":[{"start":{"line":29,"column":26},"end":{"line":29,"column":47}},{"start":{"line":29,"column":47},"end":{"line":29,"column":60}}],"line":29},"7":{"loc":{"start":{"line":30,"column":16},"end":{"line":30,"column":null}},"type":"binary-expr","locations":[{"start":{"line":30,"column":16},"end":{"line":30,"column":59}},{"start":{"line":30,"column":59},"end":{"line":30,"column":null}}],"line":30},"8":{"loc":{"start":{"line":30,"column":23},"end":{"line":30,"column":54}},"type":"binary-expr","locations":[{"start":{"line":30,"column":23},"end":{"line":30,"column":43}},{"start":{"line":30,"column":43},"end":{"line":30,"column":54}}],"line":30},"9":{"loc":{"start":{"line":31,"column":15},"end":{"line":31,"column":null}},"type":"binary-expr","locations":[{"start":{"line":31,"column":15},"end":{"line":31,"column":80}},{"start":{"line":31,"column":80},"end":{"line":31,"column":null}}],"line":31},"10":{"loc":{"start":{"line":31,"column":22},"end":{"line":31,"column":75}},"type":"binary-expr","locations":[{"start":{"line":31,"column":22},"end":{"line":31,"column":44}},{"start":{"line":31,"column":44},"end":{"line":31,"column":60}},{"start":{"line":31,"column":60},"end":{"line":31,"column":75}}],"line":31},"11":{"loc":{"start":{"line":47,"column":14},"end":{"line":47,"column":null}},"type":"binary-expr","locations":[{"start":{"line":47,"column":14},"end":{"line":47,"column":60}},{"start":{"line":47,"column":60},"end":{"line":47,"column":null}}],"line":47},"12":{"loc":{"start":{"line":47,"column":21},"end":{"line":47,"column":55}},"type":"binary-expr","locations":[{"start":{"line":47,"column":21},"end":{"line":47,"column":42}},{"start":{"line":47,"column":42},"end":{"line":47,"column":55}}],"line":47},"13":{"loc":{"start":{"line":48,"column":19},"end":{"line":48,"column":null}},"type":"binary-expr","locations":[{"start":{"line":48,"column":19},"end":{"line":48,"column":62}},{"start":{"line":48,"column":62},"end":{"line":48,"column":null}}],"line":48},"14":{"loc":{"start":{"line":48,"column":26},"end":{"line":48,"column":57}},"type":"binary-expr","locations":[{"start":{"line":48,"column":26},"end":{"line":48,"column":41}},{"start":{"line":48,"column":41},"end":{"line":48,"column":57}}],"line":48},"15":{"loc":{"start":{"line":49,"column":22},"end":{"line":49,"column":null}},"type":"binary-expr","locations":[{"start":{"line":49,"column":22},"end":{"line":49,"column":83}},{"start":{"line":49,"column":83},"end":{"line":49,"column":null}}],"line":49},"16":{"loc":{"start":{"line":49,"column":29},"end":{"line":49,"column":78}},"type":"binary-expr","locations":[{"start":{"line":49,"column":29},"end":{"line":49,"column":51}},{"start":{"line":49,"column":51},"end":{"line":49,"column":67}},{"start":{"line":49,"column":67},"end":{"line":49,"column":78}}],"line":49},"17":{"loc":{"start":{"line":52,"column":14},"end":{"line":52,"column":null}},"type":"binary-expr","locations":[{"start":{"line":52,"column":14},"end":{"line":52,"column":27}},{"start":{"line":52,"column":27},"end":{"line":52,"column":null}}],"line":52},"18":{"loc":{"start":{"line":57,"column":23},"end":{"line":57,"column":58}},"type":"binary-expr","locations":[{"start":{"line":57,"column":23},"end":{"line":57,"column":53}},{"start":{"line":57,"column":53},"end":{"line":57,"column":58}}],"line":57},"19":{"loc":{"start":{"line":58,"column":21},"end":{"line":58,"column":55}},"type":"binary-expr","locations":[{"start":{"line":58,"column":21},"end":{"line":58,"column":50}},{"start":{"line":58,"column":50},"end":{"line":58,"column":55}}],"line":58},"20":{"loc":{"start":{"line":59,"column":20},"end":{"line":59,"column":84}},"type":"binary-expr","locations":[{"start":{"line":59,"column":20},"end":{"line":59,"column":51}},{"start":{"line":59,"column":51},"end":{"line":59,"column":79}},{"start":{"line":59,"column":79},"end":{"line":59,"column":84}}],"line":59},"21":{"loc":{"start":{"line":69,"column":52},"end":{"line":69,"column":107}},"type":"binary-expr","locations":[{"start":{"line":69,"column":52},"end":{"line":69,"column":77}},{"start":{"line":69,"column":77},"end":{"line":69,"column":107}}],"line":69},"22":{"loc":{"start":{"line":71,"column":69},"end":{"line":71,"column":96}},"type":"binary-expr","locations":[{"start":{"line":71,"column":69},"end":{"line":71,"column":92}},{"start":{"line":71,"column":92},"end":{"line":71,"column":96}}],"line":71},"23":{"loc":{"start":{"line":84,"column":4},"end":{"line":84,"column":null}},"type":"if","locations":[{"start":{"line":84,"column":4},"end":{"line":84,"column":null}},{"start":{},"end":{}}],"line":84},"24":{"loc":{"start":{"line":88,"column":11},"end":{"line":88,"column":null}},"type":"binary-expr","locations":[{"start":{"line":88,"column":11},"end":{"line":88,"column":28}},{"start":{"line":88,"column":28},"end":{"line":88,"column":null}}],"line":88}},"s":{"0":2,"1":10,"2":3,"3":7,"4":2,"5":5,"6":5,"7":2,"8":2,"9":8,"10":2,"11":2,"12":2,"13":2,"14":2,"15":2,"16":1,"17":1,"18":1,"19":1,"20":2,"21":1,"22":3,"23":1,"24":1,"25":1,"26":3,"27":1,"28":2,"29":1,"30":2,"31":1,"32":2,"33":1,"34":2,"35":1,"36":1,"37":1,"38":0,"39":1,"40":1,"41":1,"42":1,"43":1},"f":{"0":10,"1":8,"2":2,"3":1,"4":1,"5":3,"6":1,"7":3,"8":2,"9":2,"10":2,"11":2,"12":1},"b":{"0":[3,7],"1":[2,5],"2":[3,2],"3":[8,3],"4":[8,2],"5":[2,1],"6":[2,1],"7":[2,1],"8":[2,1],"9":[2,1],"10":[2,1,1],"11":[1,0],"12":[1,0],"13":[1,0],"14":[1,1],"15":[1,0],"16":[1,0,0],"17":[1,1],"18":[1,0],"19":[1,0],"20":[1,0,0],"21":[3,2],"22":[1,0],"23":[0,1],"24":[1,1]},"meta":{"lastBranch":25,"lastFunction":13,"lastStatement":44,"seen":{"s:11:13:16:Infinity":0,"f:11:13:11:39":0,"b:12:2:12:Infinity:undefined:undefined:undefined:undefined":0,"s:12:2:12:Infinity":1,"s:12:18:12:Infinity":2,"b:13:2:13:Infinity:undefined:undefined:undefined:undefined":1,"s:13:2:13:Infinity":3,"s:13:21:13:Infinity":4,"b:14:2:14:Infinity:undefined:undefined:undefined:undefined":2,"s:14:2:14:Infinity":5,"s:14:16:14:Infinity":6,"s:15:2:15:Infinity":7,"s:21:13:23:Infinity":8,"f:21:13:21:35":1,"s:22:2:22:Infinity":9,"b:22:28:22:37:22:37:22:38":3,"b:22:49:22:57:22:57:22:58":4,"s:28:13:41:Infinity":10,"f:28:13:28:39":2,"s:29:19:29:Infinity":11,"b:29:19:29:65:29:65:29:Infinity":5,"b:29:26:29:47:29:47:29:60":6,"s:30:16:30:Infinity":12,"b:30:16:30:59:30:59:30:Infinity":7,"b:30:23:30:43:30:43:30:54":8,"s:31:15:31:Infinity":13,"b:31:15:31:80:31:80:31:Infinity":9,"b:31:22:31:44:31:44:31:60:31:60:31:75":10,"s:33:2:40:Infinity":14,"s:46:13:61:Infinity":15,"f:46:13:46:39":3,"s:47:14:47:Infinity":16,"b:47:14:47:60:47:60:47:Infinity":11,"b:47:21:47:42:47:42:47:55":12,"s:48:19:48:Infinity":17,"b:48:19:48:62:48:62:48:Infinity":13,"b:48:26:48:41:48:41:48:57":14,"s:49:22:49:Infinity":18,"b:49:22:49:83:49:83:49:Infinity":15,"b:49:29:49:51:49:51:49:67:49:67:49:78":16,"s:51:2:60:Infinity":19,"b:52:14:52:27:52:27:52:Infinity":17,"b:57:23:57:53:57:53:57:58":18,"b:58:21:58:50:58:50:58:55":19,"b:59:20:59:51:59:51:59:79:59:79:59:84":20,"s:68:13:100:Infinity":20,"f:68:13:68:40":4,"s:69:28:69:Infinity":21,"f:69:40:69:47":5,"s:69:52:69:107":22,"b:69:52:69:77:69:77:69:107":21,"s:71:25:71:Infinity":23,"f:71:43:71:51":6,"s:71:62:71:96":24,"b:71:69:71:92:71:92:71:96":22,"s:73:26:73:Infinity":25,"f:73:37:73:44":7,"s:73:49:73:71":26,"s:74:23:74:Infinity":27,"f:74:39:74:46":8,"s:74:51:74:73":28,"s:75:23:75:Infinity":29,"f:75:39:75:46":9,"s:75:51:75:72":30,"s:77:24:77:Infinity":31,"f:77:32:77:39":10,"s:77:44:77:65":32,"s:79:25:79:Infinity":33,"f:79:34:79:41":11,"s:79:46:79:74":34,"s:82:23:82:Infinity":35,"s:83:22:89:Infinity":36,"f:83:40:83:47":12,"b:84:4:84:Infinity:undefined:undefined:undefined:undefined":23,"s:84:4:84:Infinity":37,"s:84:20:84:Infinity":38,"s:85:16:85:Infinity":39,"s:86:21:86:Infinity":40,"s:87:21:87:Infinity":41,"s:88:4:88:Infinity":42,"b:88:11:88:28:88:28:88:Infinity":24,"s:91:2:99:Infinity":43},"fnNames":{}}}
,"/Users/priyanshussahu/Documents/wellness-deshbord-main-2/src/utils/dateUtils.js": {"path":"/Users/priyanshussahu/Documents/wellness-deshbord-main-2/src/utils/dateUtils.js","statementMap":{"0":{"start":{"line":13,"column":13},"end":{"line":25,"column":null}},"1":{"start":{"line":14,"column":15},"end":{"line":14,"column":null}},"2":{"start":{"line":17,"column":23},"end":{"line":22,"column":null}},"3":{"start":{"line":24,"column":2},"end":{"line":24,"column":null}},"4":{"start":{"line":33,"column":13},"end":{"line":42,"column":null}},"5":{"start":{"line":34,"column":15},"end":{"line":34,"column":null}},"6":{"start":{"line":36,"column":2},"end":{"line":41,"column":null}},"7":{"start":{"line":50,"column":13},"end":{"line":59,"column":null}},"8":{"start":{"line":51,"column":15},"end":{"line":51,"column":null}},"9":{"start":{"line":53,"column":2},"end":{"line":58,"column":null}},"10":{"start":{"line":64,"column":13},"end":{"line":70,"column":null}},"11":{"start":{"line":65,"column":22},"end":{"line":65,"column":null}},"12":{"start":{"line":66,"column":16},"end":{"line":66,"column":null}},"13":{"start":{"line":67,"column":17},"end":{"line":67,"column":null}},"14":{"start":{"line":69,"column":2},"end":{"line":69,"column":null}},"15":{"start":{"line":75,"column":13},"end":{"line":80,"column":null}},"16":{"start":{"line":76,"column":15},"end":{"line":76,"column":null}},"17":{"start":{"line":77,"column":14},"end":{"line":77,"column":null}},"18":{"start":{"line":78,"column":2},"end":{"line":78,"column":null}},"19":{"start":{"line":79,"column":2},"end":{"line":79,"column":null}},"20":{"start":{"line":88,"column":13},"end":{"line":97,"column":null}},"21":{"start":{"line":89,"column":15},"end":{"line":89,"column":null}},"22":{"start":{"line":91,"column":2},"end":{"line":96,"column":null}}},"fnMap":{"0":{"name":"(anonymous_0)","decl":{"start":{"line":13,"column":13},"end":{"line":13,"column":33}},"loc":{"start":{"line":13,"column":60},"end":{"line":25,"column":null}},"line":13},"1":{"name":"(anonymous_1)","decl":{"start":{"line":33,"column":13},"end":{"line":33,"column":33}},"loc":{"start":{"line":33,"column":60},"end":{"line":42,"column":null}},"line":33},"2":{"name":"(anonymous_2)","decl":{"start":{"line":50,"column":13},"end":{"line":50,"column":34}},"loc":{"start":{"line":50,"column":61},"end":{"line":59,"column":null}},"line":50},"3":{"name":"(anonymous_3)","decl":{"start":{"line":64,"column":13},"end":{"line":64,"column":37}},"loc":{"start":{"line":64,"column":55},"end":{"line":70,"column":null}},"line":64},"4":{"name":"(anonymous_4)","decl":{"start":{"line":75,"column":13},"end":{"line":75,"column":34}},"loc":{"start":{"line":75,"column":61},"end":{"line":80,"column":null}},"line":75},"5":{"name":"(anonymous_5)","decl":{"start":{"line":88,"column":13},"end":{"line":88,"column":39}},"loc":{"start":{"line":88,"column":66},"end":{"line":97,"column":null}},"line":88}},"branchMap":{"0":{"loc":{"start":{"line":13,"column":33},"end":{"line":13,"column":60}},"type":"default-arg","locations":[{"start":{"line":13,"column":45},"end":{"line":13,"column":60}}],"line":13},"1":{"loc":{"start":{"line":33,"column":33},"end":{"line":33,"column":60}},"type":"default-arg","locations":[{"start":{"line":33,"column":45},"end":{"line":33,"column":60}}],"line":33},"2":{"loc":{"start":{"line":50,"column":34},"end":{"line":50,"column":61}},"type":"default-arg","locations":[{"start":{"line":50,"column":46},"end":{"line":50,"column":61}}],"line":50},"3":{"loc":{"start":{"line":75,"column":34},"end":{"line":75,"column":61}},"type":"default-arg","locations":[{"start":{"line":75,"column":46},"end":{"line":75,"column":61}}],"line":75},"4":{"loc":{"start":{"line":88,"column":39},"end":{"line":88,"column":66}},"type":"default-arg","locations":[{"start":{"line":88,"column":51},"end":{"line":88,"column":66}}],"line":88}},"s":{"0":2,"1":6,"2":6,"3":6,"4":2,"5":1,"6":1,"7":2,"8":1,"9":1,"10":2,"11":2,"12":2,"13":2,"14":2,"15":2,"16":2,"17":2,"18":2,"19":2,"20":2,"21":1,"22":1},"f":{"0":6,"1":1,"2":1,"3":2,"4":2,"5":1},"b":{"0":[6],"1":[1],"2":[1],"3":[2],"4":[1]},"meta":{"lastBranch":5,"lastFunction":6,"lastStatement":23,"seen":{"s:13:13:25:Infinity":0,"f:13:13:13:33":0,"b:13:45:13:60":0,"s:14:15:14:Infinity":1,"s:17:23:22:Infinity":2,"s:24:2:24:Infinity":3,"s:33:13:42:Infinity":4,"f:33:13:33:33":1,"b:33:45:33:60":1,"s:34:15:34:Infinity":5,"s:36:2:41:Infinity":6,"s:50:13:59:Infinity":7,"f:50:13:50:34":2,"b:50:46:50:61":2,"s:51:15:51:Infinity":8,"s:53:2:58:Infinity":9,"s:64:13:70:Infinity":10,"f:64:13:64:37":3,"s:65:22:65:Infinity":11,"s:66:16:66:Infinity":12,"s:67:17:67:Infinity":13,"s:69:2:69:Infinity":14,"s:75:13:80:Infinity":15,"f:75:13:75:34":4,"b:75:46:75:61":3,"s:76:15:76:Infinity":16,"s:77:14:77:Infinity":17,"s:78:2:78:Infinity":18,"s:79:2:79:Infinity":19,"s:88:13:97:Infinity":20,"f:88:13:88:39":5,"b:88:51:88:66":4,"s:89:15:89:Infinity":21,"s:91:2:96:Infinity":22},"fnNames":{}}}
}
